time=2025-01-21T18:08:18.735-05:00 level=INFO source=/Users/josephcocozza/Repositories/text-editor/unnamed/editor/editor.go:47 msg=inited
time=2025-01-21T18:08:19.199-05:00 level=INFO source=/Users/josephcocozza/Repositories/text-editor/unnamed/editor/editor.go:169 msg="key read" key=Ѐ
time=2025-01-21T18:08:19.702-05:00 level=INFO source=/Users/josephcocozza/Repositories/text-editor/unnamed/editor/editor.go:169 msg="key read" key=Ѐ
time=2025-01-21T18:08:19.783-05:00 level=INFO source=/Users/josephcocozza/Repositories/text-editor/unnamed/editor/editor.go:169 msg="key read" key=Ѐ
time=2025-01-21T18:08:19.865-05:00 level=INFO source=/Users/josephcocozza/Repositories/text-editor/unnamed/editor/editor.go:169 msg="key read" key=Ѐ
time=2025-01-21T18:08:19.949-05:00 level=INFO source=/Users/josephcocozza/Repositories/text-editor/unnamed/editor/editor.go:169 msg="key read" key=Ѐ
time=2025-01-21T18:08:20.035-05:00 level=INFO source=/Users/josephcocozza/Repositories/text-editor/unnamed/editor/editor.go:169 msg="key read" key=Ѐ
time=2025-01-21T18:08:20.118-05:00 level=INFO source=/Users/josephcocozza/Repositories/text-editor/unnamed/editor/editor.go:169 msg="key read" key=Ѐ
time=2025-01-21T18:08:20.202-05:00 level=INFO source=/Users/josephcocozza/Repositories/text-editor/unnamed/editor/editor.go:169 msg="key read" key=Ѐ
time=2025-01-21T18:08:20.285-05:00 level=INFO source=/Users/josephcocozza/Repositories/text-editor/unnamed/editor/editor.go:169 msg="key read" key=Ѐ
time=2025-01-21T18:08:20.369-05:00 level=INFO source=/Users/josephcocozza/Repositories/text-editor/unnamed/editor/editor.go:169 msg="key read" key=Ѐ
time=2025-01-21T18:08:20.453-05:00 level=INFO source=/Users/josephcocozza/Repositories/text-editor/unnamed/editor/editor.go:169 msg="key read" key=Ѐ
time=2025-01-21T18:08:20.538-05:00 level=INFO source=/Users/josephcocozza/Repositories/text-editor/unnamed/editor/editor.go:169 msg="key read" key=Ѐ
time=2025-01-21T18:08:20.621-05:00 level=INFO source=/Users/josephcocozza/Repositories/text-editor/unnamed/editor/editor.go:169 msg="key read" key=Ѐ
time=2025-01-21T18:08:20.705-05:00 level=INFO source=/Users/josephcocozza/Repositories/text-editor/unnamed/editor/editor.go:169 msg="key read" key=Ѐ
time=2025-01-21T18:08:20.789-05:00 level=INFO source=/Users/josephcocozza/Repositories/text-editor/unnamed/editor/editor.go:169 msg="key read" key=Ѐ
time=2025-01-21T18:08:20.873-05:00 level=INFO source=/Users/josephcocozza/Repositories/text-editor/unnamed/editor/editor.go:169 msg="key read" key=Ѐ
time=2025-01-21T18:08:20.957-05:00 level=INFO source=/Users/josephcocozza/Repositories/text-editor/unnamed/editor/editor.go:169 msg="key read" key=Ѐ
time=2025-01-21T18:08:21.041-05:00 level=INFO source=/Users/josephcocozza/Repositories/text-editor/unnamed/editor/editor.go:169 msg="key read" key=Ѐ
time=2025-01-21T18:08:21.125-05:00 level=INFO source=/Users/josephcocozza/Repositories/text-editor/unnamed/editor/editor.go:169 msg="key read" key=Ѐ
time=2025-01-21T18:08:21.208-05:00 level=INFO source=/Users/josephcocozza/Repositories/text-editor/unnamed/editor/editor.go:169 msg="key read" key=Ѐ
time=2025-01-21T18:08:21.293-05:00 level=INFO source=/Users/josephcocozza/Repositories/text-editor/unnamed/editor/editor.go:169 msg="key read" key=Ѐ
time=2025-01-21T18:08:21.377-05:00 level=INFO source=/Users/josephcocozza/Repositories/text-editor/unnamed/editor/editor.go:169 msg="key read" key=Ѐ
time=2025-01-21T18:08:21.461-05:00 level=INFO source=/Users/josephcocozza/Repositories/text-editor/unnamed/editor/editor.go:169 msg="key read" key=Ѐ
time=2025-01-21T18:08:21.545-05:00 level=INFO source=/Users/josephcocozza/Repositories/text-editor/unnamed/editor/editor.go:169 msg="key read" key=Ѐ
time=2025-01-21T18:08:21.627-05:00 level=INFO source=/Users/josephcocozza/Repositories/text-editor/unnamed/editor/editor.go:169 msg="key read" key=Ѐ
time=2025-01-21T18:08:21.714-05:00 level=INFO source=/Users/josephcocozza/Repositories/text-editor/unnamed/editor/editor.go:169 msg="key read" key=Ѐ
time=2025-01-21T18:08:21.797-05:00 level=INFO source=/Users/josephcocozza/Repositories/text-editor/unnamed/editor/editor.go:169 msg="key read" key=Ѐ
time=2025-01-21T18:08:21.880-05:00 level=INFO source=/Users/josephcocozza/Repositories/text-editor/unnamed/editor/editor.go:169 msg="key read" key=Ѐ
time=2025-01-21T18:08:21.965-05:00 level=INFO source=/Users/josephcocozza/Repositories/text-editor/unnamed/editor/editor.go:169 msg="key read" key=Ѐ
time=2025-01-21T18:08:22.121-05:00 level=INFO source=/Users/josephcocozza/Repositories/text-editor/unnamed/editor/editor.go:169 msg="key read" key=Ђ
time=2025-01-21T18:08:22.332-05:00 level=INFO source=/Users/josephcocozza/Repositories/text-editor/unnamed/editor/editor.go:169 msg="key read" key=Ђ
time=2025-01-21T18:08:22.542-05:00 level=INFO source=/Users/josephcocozza/Repositories/text-editor/unnamed/editor/editor.go:169 msg="key read" key=Ђ
time=2025-01-21T18:08:22.781-05:00 level=INFO source=/Users/josephcocozza/Repositories/text-editor/unnamed/editor/editor.go:169 msg="key read" key=Ђ
time=2025-01-21T18:08:23.006-05:00 level=INFO source=/Users/josephcocozza/Repositories/text-editor/unnamed/editor/editor.go:169 msg="key read" key=Ͽ
time=2025-01-21T18:08:23.233-05:00 level=INFO source=/Users/josephcocozza/Repositories/text-editor/unnamed/editor/editor.go:169 msg="key read" key=Ђ
time=2025-01-21T18:08:23.427-05:00 level=INFO source=/Users/josephcocozza/Repositories/text-editor/unnamed/editor/editor.go:169 msg="key read" key=Ђ
time=2025-01-21T18:08:23.591-05:00 level=INFO source=/Users/josephcocozza/Repositories/text-editor/unnamed/editor/editor.go:169 msg="key read" key=Ђ
time=2025-01-21T18:08:23.772-05:00 level=INFO source=/Users/josephcocozza/Repositories/text-editor/unnamed/editor/editor.go:169 msg="key read" key=Ђ
time=2025-01-21T18:08:23.923-05:00 level=INFO source=/Users/josephcocozza/Repositories/text-editor/unnamed/editor/editor.go:169 msg="key read" key=Ђ
time=2025-01-21T18:08:24.087-05:00 level=INFO source=/Users/josephcocozza/Repositories/text-editor/unnamed/editor/editor.go:169 msg="key read" key=Ђ
time=2025-01-21T18:08:24.251-05:00 level=INFO source=/Users/josephcocozza/Repositories/text-editor/unnamed/editor/editor.go:169 msg="key read" key=Ђ
time=2025-01-21T18:08:24.417-05:00 level=INFO source=/Users/josephcocozza/Repositories/text-editor/unnamed/editor/editor.go:169 msg="key read" key=Ђ
time=2025-01-21T18:08:24.581-05:00 level=INFO source=/Users/josephcocozza/Repositories/text-editor/unnamed/editor/editor.go:169 msg="key read" key=Ђ
time=2025-01-21T18:08:24.746-05:00 level=INFO source=/Users/josephcocozza/Repositories/text-editor/unnamed/editor/editor.go:169 msg="key read" key=Ђ
time=2025-01-21T18:08:24.942-05:00 level=INFO source=/Users/josephcocozza/Repositories/text-editor/unnamed/editor/editor.go:169 msg="key read" key=Ѐ
time=2025-01-21T18:08:25.332-05:00 level=INFO source=/Users/josephcocozza/Repositories/text-editor/unnamed/editor/editor.go:169 msg="key read" key=Ѐ
time=2025-01-21T18:08:25.709-05:00 level=INFO source=/Users/josephcocozza/Repositories/text-editor/unnamed/editor/editor.go:169 msg="key read" key=Ͽ
time=2025-01-21T18:08:26.997-05:00 level=INFO source=/Users/josephcocozza/Repositories/text-editor/unnamed/editor/editor.go:105 msg="read keypress" byte="\x11"
time=2025-01-21T18:08:26.998-05:00 level=INFO source=/Users/josephcocozza/Repositories/text-editor/unnamed/editor/editor.go:169 msg="key read" key="\x11"
