time=2025-01-21T18:55:35.693-05:00 level=INFO source=/Users/josephcocozza/Repositories/text-editor/unnamed/editor/editor.go:47 msg="editor initialized set up"
time=2025-01-21T18:55:37.041-05:00 level=INFO source=/Users/josephcocozza/Repositories/text-editor/unnamed/editor/editor.go:178 msg="key read" key=Ѐ
time=2025-01-21T18:55:37.519-05:00 level=INFO source=/Users/josephcocozza/Repositories/text-editor/unnamed/editor/editor.go:178 msg="key read" key=Ͽ
time=2025-01-21T18:55:37.612-05:00 level=INFO source=/Users/josephcocozza/Repositories/text-editor/unnamed/editor/editor.go:178 msg="key read" key=Ͽ
time=2025-01-21T18:55:38.001-05:00 level=INFO source=/Users/josephcocozza/Repositories/text-editor/unnamed/editor/editor.go:178 msg="key read" key=Ѐ
time=2025-01-21T18:55:38.226-05:00 level=INFO source=/Users/josephcocozza/Repositories/text-editor/unnamed/editor/editor.go:178 msg="key read" key=Ѐ
time=2025-01-21T18:55:39.776-05:00 level=INFO source=/Users/josephcocozza/Repositories/text-editor/unnamed/editor/editor.go:178 msg="key read" key=Ђ
time=2025-01-21T18:55:39.904-05:00 level=INFO source=/Users/josephcocozza/Repositories/text-editor/unnamed/editor/editor.go:178 msg="key read" key=Ђ
time=2025-01-21T18:55:40.071-05:00 level=INFO source=/Users/josephcocozza/Repositories/text-editor/unnamed/editor/editor.go:178 msg="key read" key=Ђ
time=2025-01-21T18:55:40.220-05:00 level=INFO source=/Users/josephcocozza/Repositories/text-editor/unnamed/editor/editor.go:178 msg="key read" key=Ђ
time=2025-01-21T18:55:40.372-05:00 level=INFO source=/Users/josephcocozza/Repositories/text-editor/unnamed/editor/editor.go:178 msg="key read" key=Ђ
time=2025-01-21T18:55:40.613-05:00 level=INFO source=/Users/josephcocozza/Repositories/text-editor/unnamed/editor/editor.go:178 msg="key read" key=Ѐ
time=2025-01-21T18:55:40.898-05:00 level=INFO source=/Users/josephcocozza/Repositories/text-editor/unnamed/editor/editor.go:178 msg="key read" key=Ђ
time=2025-01-21T18:55:40.957-05:00 level=INFO source=/Users/josephcocozza/Repositories/text-editor/unnamed/editor/editor.go:178 msg="key read" key=Ѐ
time=2025-01-21T18:55:41.376-05:00 level=INFO source=/Users/josephcocozza/Repositories/text-editor/unnamed/editor/editor.go:178 msg="key read" key=Ђ
time=2025-01-21T18:55:41.662-05:00 level=INFO source=/Users/josephcocozza/Repositories/text-editor/unnamed/editor/editor.go:178 msg="key read" key=Ђ
time=2025-01-21T18:55:41.680-05:00 level=INFO source=/Users/josephcocozza/Repositories/text-editor/unnamed/editor/editor.go:178 msg="key read" key=Ѐ
time=2025-01-21T18:55:41.871-05:00 level=INFO source=/Users/josephcocozza/Repositories/text-editor/unnamed/editor/editor.go:178 msg="key read" key=Ђ
time=2025-01-21T18:55:42.025-05:00 level=INFO source=/Users/josephcocozza/Repositories/text-editor/unnamed/editor/editor.go:178 msg="key read" key=Ѐ
time=2025-01-21T18:55:42.199-05:00 level=INFO source=/Users/josephcocozza/Repositories/text-editor/unnamed/editor/editor.go:178 msg="key read" key=Ђ
time=2025-01-21T18:55:42.321-05:00 level=INFO source=/Users/josephcocozza/Repositories/text-editor/unnamed/editor/editor.go:178 msg="key read" key=Ѐ
time=2025-01-21T18:55:42.505-05:00 level=INFO source=/Users/josephcocozza/Repositories/text-editor/unnamed/editor/editor.go:178 msg="key read" key=Ђ
time=2025-01-21T18:55:42.580-05:00 level=INFO source=/Users/josephcocozza/Repositories/text-editor/unnamed/editor/editor.go:178 msg="key read" key=Ѐ
time=2025-01-21T18:55:42.681-05:00 level=INFO source=/Users/josephcocozza/Repositories/text-editor/unnamed/editor/editor.go:178 msg="key read" key=Ё
time=2025-01-21T18:55:42.771-05:00 level=INFO source=/Users/josephcocozza/Repositories/text-editor/unnamed/editor/editor.go:178 msg="key read" key=Ђ
time=2025-01-21T18:55:42.830-05:00 level=INFO source=/Users/josephcocozza/Repositories/text-editor/unnamed/editor/editor.go:178 msg="key read" key=Ѐ
time=2025-01-21T18:55:42.878-05:00 level=INFO source=/Users/josephcocozza/Repositories/text-editor/unnamed/editor/editor.go:178 msg="key read" key=Ё
time=2025-01-21T18:55:43.022-05:00 level=INFO source=/Users/josephcocozza/Repositories/text-editor/unnamed/editor/editor.go:178 msg="key read" key=Ђ
time=2025-01-21T18:55:43.087-05:00 level=INFO source=/Users/josephcocozza/Repositories/text-editor/unnamed/editor/editor.go:178 msg="key read" key=Ѐ
time=2025-01-21T18:55:43.296-05:00 level=INFO source=/Users/josephcocozza/Repositories/text-editor/unnamed/editor/editor.go:178 msg="key read" key=Ђ
time=2025-01-21T18:55:43.368-05:00 level=INFO source=/Users/josephcocozza/Repositories/text-editor/unnamed/editor/editor.go:178 msg="key read" key=Ѐ
time=2025-01-21T18:55:43.461-05:00 level=INFO source=/Users/josephcocozza/Repositories/text-editor/unnamed/editor/editor.go:178 msg="key read" key=Ё
time=2025-01-21T18:55:43.595-05:00 level=INFO source=/Users/josephcocozza/Repositories/text-editor/unnamed/editor/editor.go:178 msg="key read" key=Ђ
time=2025-01-21T18:55:43.661-05:00 level=INFO source=/Users/josephcocozza/Repositories/text-editor/unnamed/editor/editor.go:178 msg="key read" key=Ѐ
time=2025-01-21T18:55:43.713-05:00 level=INFO source=/Users/josephcocozza/Repositories/text-editor/unnamed/editor/editor.go:178 msg="key read" key=Ё
time=2025-01-21T18:55:43.835-05:00 level=INFO source=/Users/josephcocozza/Repositories/text-editor/unnamed/editor/editor.go:178 msg="key read" key=Ђ
time=2025-01-21T18:55:43.913-05:00 level=INFO source=/Users/josephcocozza/Repositories/text-editor/unnamed/editor/editor.go:178 msg="key read" key=Ѐ
time=2025-01-21T18:55:43.965-05:00 level=INFO source=/Users/josephcocozza/Repositories/text-editor/unnamed/editor/editor.go:178 msg="key read" key=Ё
time=2025-01-21T18:55:44.087-05:00 level=INFO source=/Users/josephcocozza/Repositories/text-editor/unnamed/editor/editor.go:178 msg="key read" key=Ђ
time=2025-01-21T18:55:44.136-05:00 level=INFO source=/Users/josephcocozza/Repositories/text-editor/unnamed/editor/editor.go:178 msg="key read" key=Ѐ
time=2025-01-21T18:55:44.167-05:00 level=INFO source=/Users/josephcocozza/Repositories/text-editor/unnamed/editor/editor.go:178 msg="key read" key=Ё
time=2025-01-21T18:55:44.361-05:00 level=INFO source=/Users/josephcocozza/Repositories/text-editor/unnamed/editor/editor.go:178 msg="key read" key=Ѐ
time=2025-01-21T18:55:44.418-05:00 level=INFO source=/Users/josephcocozza/Repositories/text-editor/unnamed/editor/editor.go:178 msg="key read" key=Ё
time=2025-01-21T18:55:44.539-05:00 level=INFO source=/Users/josephcocozza/Repositories/text-editor/unnamed/editor/editor.go:178 msg="key read" key=Ђ
time=2025-01-21T18:55:44.599-05:00 level=INFO source=/Users/josephcocozza/Repositories/text-editor/unnamed/editor/editor.go:178 msg="key read" key=Ѐ
time=2025-01-21T18:55:44.631-05:00 level=INFO source=/Users/josephcocozza/Repositories/text-editor/unnamed/editor/editor.go:178 msg="key read" key=Ё
time=2025-01-21T18:55:44.779-05:00 level=INFO source=/Users/josephcocozza/Repositories/text-editor/unnamed/editor/editor.go:178 msg="key read" key=Ђ
time=2025-01-21T18:55:44.861-05:00 level=INFO source=/Users/josephcocozza/Repositories/text-editor/unnamed/editor/editor.go:178 msg="key read" key=Ѐ
time=2025-01-21T18:55:45.008-05:00 level=INFO source=/Users/josephcocozza/Repositories/text-editor/unnamed/editor/editor.go:178 msg="key read" key=Ђ
time=2025-01-21T18:55:45.184-05:00 level=INFO source=/Users/josephcocozza/Repositories/text-editor/unnamed/editor/editor.go:178 msg="key read" key=Ђ
time=2025-01-21T18:55:45.335-05:00 level=INFO source=/Users/josephcocozza/Repositories/text-editor/unnamed/editor/editor.go:178 msg="key read" key=Ђ
time=2025-01-21T18:55:45.366-05:00 level=INFO source=/Users/josephcocozza/Repositories/text-editor/unnamed/editor/editor.go:178 msg="key read" key=Ѐ
time=2025-01-21T18:55:45.607-05:00 level=INFO source=/Users/josephcocozza/Repositories/text-editor/unnamed/editor/editor.go:178 msg="key read" key=Ѐ
time=2025-01-21T18:55:45.634-05:00 level=INFO source=/Users/josephcocozza/Repositories/text-editor/unnamed/editor/editor.go:178 msg="key read" key=Ђ
time=2025-01-21T18:55:46.041-05:00 level=INFO source=/Users/josephcocozza/Repositories/text-editor/unnamed/editor/editor.go:178 msg="key read" key=Ђ
time=2025-01-21T18:55:46.222-05:00 level=INFO source=/Users/josephcocozza/Repositories/text-editor/unnamed/editor/editor.go:178 msg="key read" key=Ђ
time=2025-01-21T18:55:46.402-05:00 level=INFO source=/Users/josephcocozza/Repositories/text-editor/unnamed/editor/editor.go:178 msg="key read" key=Ђ
time=2025-01-21T18:55:46.552-05:00 level=INFO source=/Users/josephcocozza/Repositories/text-editor/unnamed/editor/editor.go:178 msg="key read" key=Ђ
time=2025-01-21T18:55:46.719-05:00 level=INFO source=/Users/josephcocozza/Repositories/text-editor/unnamed/editor/editor.go:178 msg="key read" key=Ђ
time=2025-01-21T18:55:46.911-05:00 level=INFO source=/Users/josephcocozza/Repositories/text-editor/unnamed/editor/editor.go:178 msg="key read" key=Ђ
time=2025-01-21T18:55:47.227-05:00 level=INFO source=/Users/josephcocozza/Repositories/text-editor/unnamed/editor/editor.go:178 msg="key read" key=Ђ
time=2025-01-21T18:55:47.421-05:00 level=INFO source=/Users/josephcocozza/Repositories/text-editor/unnamed/editor/editor.go:178 msg="key read" key=Ђ
time=2025-01-21T18:55:47.587-05:00 level=INFO source=/Users/josephcocozza/Repositories/text-editor/unnamed/editor/editor.go:178 msg="key read" key=Ђ
time=2025-01-21T18:55:47.797-05:00 level=INFO source=/Users/josephcocozza/Repositories/text-editor/unnamed/editor/editor.go:178 msg="key read" key=Ѐ
time=2025-01-21T18:55:48.007-05:00 level=INFO source=/Users/josephcocozza/Repositories/text-editor/unnamed/editor/editor.go:178 msg="key read" key=Ђ
time=2025-01-21T18:55:48.187-05:00 level=INFO source=/Users/josephcocozza/Repositories/text-editor/unnamed/editor/editor.go:178 msg="key read" key=Ђ
time=2025-01-21T18:55:48.365-05:00 level=INFO source=/Users/josephcocozza/Repositories/text-editor/unnamed/editor/editor.go:178 msg="key read" key=Ђ
time=2025-01-21T18:55:48.532-05:00 level=INFO source=/Users/josephcocozza/Repositories/text-editor/unnamed/editor/editor.go:178 msg="key read" key=Ђ
time=2025-01-21T18:55:48.710-05:00 level=INFO source=/Users/josephcocozza/Repositories/text-editor/unnamed/editor/editor.go:178 msg="key read" key=Ђ
time=2025-01-21T18:55:48.876-05:00 level=INFO source=/Users/josephcocozza/Repositories/text-editor/unnamed/editor/editor.go:178 msg="key read" key=Ѐ
time=2025-01-21T18:55:49.042-05:00 level=INFO source=/Users/josephcocozza/Repositories/text-editor/unnamed/editor/editor.go:178 msg="key read" key=Ѐ
time=2025-01-21T18:55:49.221-05:00 level=INFO source=/Users/josephcocozza/Repositories/text-editor/unnamed/editor/editor.go:178 msg="key read" key=Ѐ
time=2025-01-21T18:55:49.373-05:00 level=INFO source=/Users/josephcocozza/Repositories/text-editor/unnamed/editor/editor.go:178 msg="key read" key=Ѐ
time=2025-01-21T18:55:49.536-05:00 level=INFO source=/Users/josephcocozza/Repositories/text-editor/unnamed/editor/editor.go:178 msg="key read" key=Ѐ
time=2025-01-21T18:55:49.692-05:00 level=INFO source=/Users/josephcocozza/Repositories/text-editor/unnamed/editor/editor.go:178 msg="key read" key=Ѐ
time=2025-01-21T18:55:49.869-05:00 level=INFO source=/Users/josephcocozza/Repositories/text-editor/unnamed/editor/editor.go:178 msg="key read" key=Ђ
time=2025-01-21T18:55:50.370-05:00 level=INFO source=/Users/josephcocozza/Repositories/text-editor/unnamed/editor/editor.go:178 msg="key read" key=Ђ
time=2025-01-21T18:55:50.452-05:00 level=INFO source=/Users/josephcocozza/Repositories/text-editor/unnamed/editor/editor.go:178 msg="key read" key=Ђ
time=2025-01-21T18:55:50.535-05:00 level=INFO source=/Users/josephcocozza/Repositories/text-editor/unnamed/editor/editor.go:178 msg="key read" key=Ђ
time=2025-01-21T18:55:50.661-05:00 level=INFO source=/Users/josephcocozza/Repositories/text-editor/unnamed/editor/editor.go:178 msg="key read" key=Ͽ
time=2025-01-21T18:55:50.901-05:00 level=INFO source=/Users/josephcocozza/Repositories/text-editor/unnamed/editor/editor.go:178 msg="key read" key=Ђ
time=2025-01-21T18:55:51.405-05:00 level=INFO source=/Users/josephcocozza/Repositories/text-editor/unnamed/editor/editor.go:178 msg="key read" key=Ђ
time=2025-01-21T18:55:51.484-05:00 level=INFO source=/Users/josephcocozza/Repositories/text-editor/unnamed/editor/editor.go:178 msg="key read" key=Ђ
time=2025-01-21T18:55:51.566-05:00 level=INFO source=/Users/josephcocozza/Repositories/text-editor/unnamed/editor/editor.go:178 msg="key read" key=Ђ
time=2025-01-21T18:55:51.649-05:00 level=INFO source=/Users/josephcocozza/Repositories/text-editor/unnamed/editor/editor.go:178 msg="key read" key=Ђ
time=2025-01-21T18:55:51.734-05:00 level=INFO source=/Users/josephcocozza/Repositories/text-editor/unnamed/editor/editor.go:178 msg="key read" key=Ђ
time=2025-01-21T18:55:51.821-05:00 level=INFO source=/Users/josephcocozza/Repositories/text-editor/unnamed/editor/editor.go:178 msg="key read" key=Ђ
time=2025-01-21T18:55:51.905-05:00 level=INFO source=/Users/josephcocozza/Repositories/text-editor/unnamed/editor/editor.go:178 msg="key read" key=Ђ
time=2025-01-21T18:55:51.988-05:00 level=INFO source=/Users/josephcocozza/Repositories/text-editor/unnamed/editor/editor.go:178 msg="key read" key=Ђ
time=2025-01-21T18:55:52.360-05:00 level=INFO source=/Users/josephcocozza/Repositories/text-editor/unnamed/editor/editor.go:178 msg="key read" key=Ͽ
time=2025-01-21T18:55:52.537-05:00 level=INFO source=/Users/josephcocozza/Repositories/text-editor/unnamed/editor/editor.go:178 msg="key read" key=Ͽ
time=2025-01-21T18:55:53.499-05:00 level=INFO source=/Users/josephcocozza/Repositories/text-editor/unnamed/editor/editor.go:178 msg="key read" key=Ͽ
time=2025-01-21T18:55:54.038-05:00 level=INFO source=/Users/josephcocozza/Repositories/text-editor/unnamed/editor/editor.go:178 msg="key read" key=Ѐ
time=2025-01-21T18:55:54.230-05:00 level=INFO source=/Users/josephcocozza/Repositories/text-editor/unnamed/editor/editor.go:178 msg="key read" key=Ђ
time=2025-01-21T18:55:54.735-05:00 level=INFO source=/Users/josephcocozza/Repositories/text-editor/unnamed/editor/editor.go:178 msg="key read" key=Ђ
time=2025-01-21T18:55:54.813-05:00 level=INFO source=/Users/josephcocozza/Repositories/text-editor/unnamed/editor/editor.go:178 msg="key read" key=Ђ
time=2025-01-21T18:55:54.898-05:00 level=INFO source=/Users/josephcocozza/Repositories/text-editor/unnamed/editor/editor.go:178 msg="key read" key=Ђ
time=2025-01-21T18:55:54.983-05:00 level=INFO source=/Users/josephcocozza/Repositories/text-editor/unnamed/editor/editor.go:178 msg="key read" key=Ђ
time=2025-01-21T18:55:55.069-05:00 level=INFO source=/Users/josephcocozza/Repositories/text-editor/unnamed/editor/editor.go:178 msg="key read" key=Ђ
time=2025-01-21T18:55:55.152-05:00 level=INFO source=/Users/josephcocozza/Repositories/text-editor/unnamed/editor/editor.go:178 msg="key read" key=Ђ
time=2025-01-21T18:55:55.236-05:00 level=INFO source=/Users/josephcocozza/Repositories/text-editor/unnamed/editor/editor.go:178 msg="key read" key=Ђ
time=2025-01-21T18:55:55.629-05:00 level=INFO source=/Users/josephcocozza/Repositories/text-editor/unnamed/editor/editor.go:178 msg="key read" key=Ͽ
time=2025-01-21T18:55:55.805-05:00 level=INFO source=/Users/josephcocozza/Repositories/text-editor/unnamed/editor/editor.go:178 msg="key read" key=Ͽ
time=2025-01-21T18:55:56.030-05:00 level=INFO source=/Users/josephcocozza/Repositories/text-editor/unnamed/editor/editor.go:178 msg="key read" key=Ͽ
time=2025-01-21T18:55:56.319-05:00 level=INFO source=/Users/josephcocozza/Repositories/text-editor/unnamed/editor/editor.go:178 msg="key read" key=Ͽ
time=2025-01-21T18:55:56.558-05:00 level=INFO source=/Users/josephcocozza/Repositories/text-editor/unnamed/editor/editor.go:178 msg="key read" key=Ͽ
time=2025-01-21T18:55:56.783-05:00 level=INFO source=/Users/josephcocozza/Repositories/text-editor/unnamed/editor/editor.go:178 msg="key read" key=Ͽ
time=2025-01-21T18:55:56.978-05:00 level=INFO source=/Users/josephcocozza/Repositories/text-editor/unnamed/editor/editor.go:178 msg="key read" key=Ͽ
time=2025-01-21T18:55:57.185-05:00 level=INFO source=/Users/josephcocozza/Repositories/text-editor/unnamed/editor/editor.go:178 msg="key read" key=Ͽ
time=2025-01-21T18:55:57.369-05:00 level=INFO source=/Users/josephcocozza/Repositories/text-editor/unnamed/editor/editor.go:178 msg="key read" key=Ͽ
time=2025-01-21T18:55:57.533-05:00 level=INFO source=/Users/josephcocozza/Repositories/text-editor/unnamed/editor/editor.go:178 msg="key read" key=Ͽ
time=2025-01-21T18:55:57.701-05:00 level=INFO source=/Users/josephcocozza/Repositories/text-editor/unnamed/editor/editor.go:178 msg="key read" key=Ͽ
time=2025-01-21T18:55:57.858-05:00 level=INFO source=/Users/josephcocozza/Repositories/text-editor/unnamed/editor/editor.go:178 msg="key read" key=Ͽ
time=2025-01-21T18:56:00.788-05:00 level=INFO source=/Users/josephcocozza/Repositories/text-editor/unnamed/editor/editor.go:114 msg="read keypress" byte=q
time=2025-01-21T18:56:00.789-05:00 level=INFO source=/Users/josephcocozza/Repositories/text-editor/unnamed/editor/editor.go:178 msg="key read" key=q
time=2025-01-21T18:56:01.911-05:00 level=INFO source=/Users/josephcocozza/Repositories/text-editor/unnamed/editor/editor.go:114 msg="read keypress" byte="\x11"
time=2025-01-21T18:56:01.912-05:00 level=INFO source=/Users/josephcocozza/Repositories/text-editor/unnamed/editor/editor.go:178 msg="key read" key="\x11"
time=2025-01-21T18:56:01.912-05:00 level=INFO source=/Users/josephcocozza/Repositories/text-editor/unnamed/editor/editor.go:85 msg=quit
