time=2025-01-21T18:18:24.699-05:00 level=INFO source=/Users/josephcocozza/Repositories/text-editor/unnamed/editor/editor.go:47 msg=inited
time=2025-01-21T18:18:25.647-05:00 level=INFO source=/Users/josephcocozza/Repositories/text-editor/unnamed/editor/editor.go:170 msg="key read" key=Ѐ
time=2025-01-21T18:18:25.840-05:00 level=INFO source=/Users/josephcocozza/Repositories/text-editor/unnamed/editor/editor.go:170 msg="key read" key=Ѐ
time=2025-01-21T18:18:26.019-05:00 level=INFO source=/Users/josephcocozza/Repositories/text-editor/unnamed/editor/editor.go:170 msg="key read" key=Ѐ
time=2025-01-21T18:18:26.170-05:00 level=INFO source=/Users/josephcocozza/Repositories/text-editor/unnamed/editor/editor.go:170 msg="key read" key=Ђ
time=2025-01-21T18:18:26.350-05:00 level=INFO source=/Users/josephcocozza/Repositories/text-editor/unnamed/editor/editor.go:170 msg="key read" key=Ђ
time=2025-01-21T18:18:26.496-05:00 level=INFO source=/Users/josephcocozza/Repositories/text-editor/unnamed/editor/editor.go:170 msg="key read" key=Ђ
time=2025-01-21T18:18:26.679-05:00 level=INFO source=/Users/josephcocozza/Repositories/text-editor/unnamed/editor/editor.go:170 msg="key read" key=Ђ
time=2025-01-21T18:18:26.831-05:00 level=INFO source=/Users/josephcocozza/Repositories/text-editor/unnamed/editor/editor.go:170 msg="key read" key=Ђ
time=2025-01-21T18:18:26.996-05:00 level=INFO source=/Users/josephcocozza/Repositories/text-editor/unnamed/editor/editor.go:170 msg="key read" key=Ђ
time=2025-01-21T18:18:27.163-05:00 level=INFO source=/Users/josephcocozza/Repositories/text-editor/unnamed/editor/editor.go:170 msg="key read" key=Ђ
time=2025-01-21T18:18:27.325-05:00 level=INFO source=/Users/josephcocozza/Repositories/text-editor/unnamed/editor/editor.go:170 msg="key read" key=Ђ
time=2025-01-21T18:18:27.476-05:00 level=INFO source=/Users/josephcocozza/Repositories/text-editor/unnamed/editor/editor.go:170 msg="key read" key=Ђ
time=2025-01-21T18:18:27.628-05:00 level=INFO source=/Users/josephcocozza/Repositories/text-editor/unnamed/editor/editor.go:170 msg="key read" key=Ђ
time=2025-01-21T18:18:27.791-05:00 level=INFO source=/Users/josephcocozza/Repositories/text-editor/unnamed/editor/editor.go:170 msg="key read" key=Ђ
time=2025-01-21T18:18:27.925-05:00 level=INFO source=/Users/josephcocozza/Repositories/text-editor/unnamed/editor/editor.go:170 msg="key read" key=Ђ
time=2025-01-21T18:18:28.076-05:00 level=INFO source=/Users/josephcocozza/Repositories/text-editor/unnamed/editor/editor.go:170 msg="key read" key=Ђ
time=2025-01-21T18:18:28.224-05:00 level=INFO source=/Users/josephcocozza/Repositories/text-editor/unnamed/editor/editor.go:170 msg="key read" key=Ђ
time=2025-01-21T18:18:28.390-05:00 level=INFO source=/Users/josephcocozza/Repositories/text-editor/unnamed/editor/editor.go:170 msg="key read" key=Ђ
time=2025-01-21T18:18:28.525-05:00 level=INFO source=/Users/josephcocozza/Repositories/text-editor/unnamed/editor/editor.go:170 msg="key read" key=Ђ
time=2025-01-21T18:18:28.735-05:00 level=INFO source=/Users/josephcocozza/Repositories/text-editor/unnamed/editor/editor.go:170 msg="key read" key=Ѐ
time=2025-01-21T18:18:28.928-05:00 level=INFO source=/Users/josephcocozza/Repositories/text-editor/unnamed/editor/editor.go:170 msg="key read" key=Ѐ
time=2025-01-21T18:18:29.096-05:00 level=INFO source=/Users/josephcocozza/Repositories/text-editor/unnamed/editor/editor.go:170 msg="key read" key=Ѐ
time=2025-01-21T18:18:29.276-05:00 level=INFO source=/Users/josephcocozza/Repositories/text-editor/unnamed/editor/editor.go:170 msg="key read" key=Ѐ
time=2025-01-21T18:18:29.456-05:00 level=INFO source=/Users/josephcocozza/Repositories/text-editor/unnamed/editor/editor.go:170 msg="key read" key=Ѐ
time=2025-01-21T18:18:29.621-05:00 level=INFO source=/Users/josephcocozza/Repositories/text-editor/unnamed/editor/editor.go:170 msg="key read" key=Ѐ
time=2025-01-21T18:18:29.784-05:00 level=INFO source=/Users/josephcocozza/Repositories/text-editor/unnamed/editor/editor.go:170 msg="key read" key=Ѐ
time=2025-01-21T18:18:29.936-05:00 level=INFO source=/Users/josephcocozza/Repositories/text-editor/unnamed/editor/editor.go:170 msg="key read" key=Ѐ
time=2025-01-21T18:18:30.099-05:00 level=INFO source=/Users/josephcocozza/Repositories/text-editor/unnamed/editor/editor.go:170 msg="key read" key=Ѐ
time=2025-01-21T18:18:30.251-05:00 level=INFO source=/Users/josephcocozza/Repositories/text-editor/unnamed/editor/editor.go:170 msg="key read" key=Ѐ
time=2025-01-21T18:18:30.401-05:00 level=INFO source=/Users/josephcocozza/Repositories/text-editor/unnamed/editor/editor.go:170 msg="key read" key=Ѐ
time=2025-01-21T18:18:30.567-05:00 level=INFO source=/Users/josephcocozza/Repositories/text-editor/unnamed/editor/editor.go:170 msg="key read" key=Ѐ
time=2025-01-21T18:18:30.717-05:00 level=INFO source=/Users/josephcocozza/Repositories/text-editor/unnamed/editor/editor.go:170 msg="key read" key=Ѐ
time=2025-01-21T18:18:30.866-05:00 level=INFO source=/Users/josephcocozza/Repositories/text-editor/unnamed/editor/editor.go:170 msg="key read" key=Ѐ
time=2025-01-21T18:18:31.029-05:00 level=INFO source=/Users/josephcocozza/Repositories/text-editor/unnamed/editor/editor.go:170 msg="key read" key=Ѐ
time=2025-01-21T18:18:31.183-05:00 level=INFO source=/Users/josephcocozza/Repositories/text-editor/unnamed/editor/editor.go:170 msg="key read" key=Ѐ
time=2025-01-21T18:18:31.587-05:00 level=INFO source=/Users/josephcocozza/Repositories/text-editor/unnamed/editor/editor.go:106 msg="read keypress" byte="\x11"
time=2025-01-21T18:18:31.587-05:00 level=INFO source=/Users/josephcocozza/Repositories/text-editor/unnamed/editor/editor.go:170 msg="key read" key="\x11"
