time=2025-01-21T19:02:23.618-05:00 level=INFO source=/Users/josephcocozza/Repositories/text-editor/unnamed/editor/editor.go:47 msg="editor initialized set up"
time=2025-01-21T19:02:26.288-05:00 level=INFO source=/Users/josephcocozza/Repositories/text-editor/unnamed/editor/editor.go:178 msg="key read" key=Ͼ
time=2025-01-21T19:02:27.574-05:00 level=INFO source=/Users/josephcocozza/Repositories/text-editor/unnamed/editor/editor.go:178 msg="key read" key=Ͼ
time=2025-01-21T19:02:28.081-05:00 level=INFO source=/Users/josephcocozza/Repositories/text-editor/unnamed/editor/editor.go:178 msg="key read" key=Ͼ
time=2025-01-21T19:02:28.245-05:00 level=INFO source=/Users/josephcocozza/Repositories/text-editor/unnamed/editor/editor.go:178 msg="key read" key=Ͼ
time=2025-01-21T19:02:28.394-05:00 level=INFO source=/Users/josephcocozza/Repositories/text-editor/unnamed/editor/editor.go:178 msg="key read" key=Ͼ
time=2025-01-21T19:02:28.529-05:00 level=INFO source=/Users/josephcocozza/Repositories/text-editor/unnamed/editor/editor.go:178 msg="key read" key=Ͼ
time=2025-01-21T19:02:28.682-05:00 level=INFO source=/Users/josephcocozza/Repositories/text-editor/unnamed/editor/editor.go:178 msg="key read" key=Ͼ
time=2025-01-21T19:02:28.864-05:00 level=INFO source=/Users/josephcocozza/Repositories/text-editor/unnamed/editor/editor.go:178 msg="key read" key=Ͼ
time=2025-01-21T19:02:29.071-05:00 level=INFO source=/Users/josephcocozza/Repositories/text-editor/unnamed/editor/editor.go:178 msg="key read" key=Ͼ
time=2025-01-21T19:02:30.559-05:00 level=INFO source=/Users/josephcocozza/Repositories/text-editor/unnamed/editor/editor.go:178 msg="key read" key=Ѐ
time=2025-01-21T19:02:31.060-05:00 level=INFO source=/Users/josephcocozza/Repositories/text-editor/unnamed/editor/editor.go:178 msg="key read" key=Ѐ
time=2025-01-21T19:02:31.139-05:00 level=INFO source=/Users/josephcocozza/Repositories/text-editor/unnamed/editor/editor.go:178 msg="key read" key=Ѐ
time=2025-01-21T19:02:31.222-05:00 level=INFO source=/Users/josephcocozza/Repositories/text-editor/unnamed/editor/editor.go:178 msg="key read" key=Ѐ
time=2025-01-21T19:02:31.310-05:00 level=INFO source=/Users/josephcocozza/Repositories/text-editor/unnamed/editor/editor.go:178 msg="key read" key=Ѐ
time=2025-01-21T19:02:31.392-05:00 level=INFO source=/Users/josephcocozza/Repositories/text-editor/unnamed/editor/editor.go:178 msg="key read" key=Ѐ
time=2025-01-21T19:02:31.477-05:00 level=INFO source=/Users/josephcocozza/Repositories/text-editor/unnamed/editor/editor.go:178 msg="key read" key=Ѐ
time=2025-01-21T19:02:31.561-05:00 level=INFO source=/Users/josephcocozza/Repositories/text-editor/unnamed/editor/editor.go:178 msg="key read" key=Ѐ
time=2025-01-21T19:02:31.643-05:00 level=INFO source=/Users/josephcocozza/Repositories/text-editor/unnamed/editor/editor.go:178 msg="key read" key=Ѐ
time=2025-01-21T19:02:31.727-05:00 level=INFO source=/Users/josephcocozza/Repositories/text-editor/unnamed/editor/editor.go:178 msg="key read" key=Ѐ
time=2025-01-21T19:02:31.812-05:00 level=INFO source=/Users/josephcocozza/Repositories/text-editor/unnamed/editor/editor.go:178 msg="key read" key=Ѐ
time=2025-01-21T19:02:31.896-05:00 level=INFO source=/Users/josephcocozza/Repositories/text-editor/unnamed/editor/editor.go:178 msg="key read" key=Ѐ
time=2025-01-21T19:02:31.979-05:00 level=INFO source=/Users/josephcocozza/Repositories/text-editor/unnamed/editor/editor.go:178 msg="key read" key=Ѐ
time=2025-01-21T19:02:32.063-05:00 level=INFO source=/Users/josephcocozza/Repositories/text-editor/unnamed/editor/editor.go:178 msg="key read" key=Ѐ
time=2025-01-21T19:02:32.148-05:00 level=INFO source=/Users/josephcocozza/Repositories/text-editor/unnamed/editor/editor.go:178 msg="key read" key=Ѐ
time=2025-01-21T19:02:32.232-05:00 level=INFO source=/Users/josephcocozza/Repositories/text-editor/unnamed/editor/editor.go:178 msg="key read" key=Ѐ
time=2025-01-21T19:02:32.315-05:00 level=INFO source=/Users/josephcocozza/Repositories/text-editor/unnamed/editor/editor.go:178 msg="key read" key=Ѐ
time=2025-01-21T19:02:32.399-05:00 level=INFO source=/Users/josephcocozza/Repositories/text-editor/unnamed/editor/editor.go:178 msg="key read" key=Ѐ
time=2025-01-21T19:02:32.481-05:00 level=INFO source=/Users/josephcocozza/Repositories/text-editor/unnamed/editor/editor.go:178 msg="key read" key=Ѐ
time=2025-01-21T19:02:32.568-05:00 level=INFO source=/Users/josephcocozza/Repositories/text-editor/unnamed/editor/editor.go:178 msg="key read" key=Ѐ
time=2025-01-21T19:02:32.650-05:00 level=INFO source=/Users/josephcocozza/Repositories/text-editor/unnamed/editor/editor.go:178 msg="key read" key=Ѐ
time=2025-01-21T19:02:32.732-05:00 level=INFO source=/Users/josephcocozza/Repositories/text-editor/unnamed/editor/editor.go:178 msg="key read" key=Ѐ
time=2025-01-21T19:02:32.817-05:00 level=INFO source=/Users/josephcocozza/Repositories/text-editor/unnamed/editor/editor.go:178 msg="key read" key=Ѐ
time=2025-01-21T19:02:32.903-05:00 level=INFO source=/Users/josephcocozza/Repositories/text-editor/unnamed/editor/editor.go:178 msg="key read" key=Ѐ
time=2025-01-21T19:02:32.987-05:00 level=INFO source=/Users/josephcocozza/Repositories/text-editor/unnamed/editor/editor.go:178 msg="key read" key=Ѐ
time=2025-01-21T19:02:33.071-05:00 level=INFO source=/Users/josephcocozza/Repositories/text-editor/unnamed/editor/editor.go:178 msg="key read" key=Ѐ
time=2025-01-21T19:02:33.155-05:00 level=INFO source=/Users/josephcocozza/Repositories/text-editor/unnamed/editor/editor.go:178 msg="key read" key=Ѐ
time=2025-01-21T19:02:33.240-05:00 level=INFO source=/Users/josephcocozza/Repositories/text-editor/unnamed/editor/editor.go:178 msg="key read" key=Ѐ
time=2025-01-21T19:02:33.324-05:00 level=INFO source=/Users/josephcocozza/Repositories/text-editor/unnamed/editor/editor.go:178 msg="key read" key=Ѐ
time=2025-01-21T19:02:33.407-05:00 level=INFO source=/Users/josephcocozza/Repositories/text-editor/unnamed/editor/editor.go:178 msg="key read" key=Ѐ
time=2025-01-21T19:02:33.491-05:00 level=INFO source=/Users/josephcocozza/Repositories/text-editor/unnamed/editor/editor.go:178 msg="key read" key=Ѐ
time=2025-01-21T19:02:33.571-05:00 level=INFO source=/Users/josephcocozza/Repositories/text-editor/unnamed/editor/editor.go:178 msg="key read" key=Ѐ
time=2025-01-21T19:02:33.657-05:00 level=INFO source=/Users/josephcocozza/Repositories/text-editor/unnamed/editor/editor.go:178 msg="key read" key=Ѐ
time=2025-01-21T19:02:33.743-05:00 level=INFO source=/Users/josephcocozza/Repositories/text-editor/unnamed/editor/editor.go:178 msg="key read" key=Ѐ
time=2025-01-21T19:02:34.651-05:00 level=INFO source=/Users/josephcocozza/Repositories/text-editor/unnamed/editor/editor.go:178 msg="key read" key=Ͻ
time=2025-01-21T19:02:35.224-05:00 level=INFO source=/Users/josephcocozza/Repositories/text-editor/unnamed/editor/editor.go:178 msg="key read" key=Ͼ
time=2025-01-21T19:02:35.415-05:00 level=INFO source=/Users/josephcocozza/Repositories/text-editor/unnamed/editor/editor.go:178 msg="key read" key=Ͼ
time=2025-01-21T19:02:35.584-05:00 level=INFO source=/Users/josephcocozza/Repositories/text-editor/unnamed/editor/editor.go:178 msg="key read" key=Ͼ
time=2025-01-21T19:02:35.779-05:00 level=INFO source=/Users/josephcocozza/Repositories/text-editor/unnamed/editor/editor.go:178 msg="key read" key=Ͼ
time=2025-01-21T19:02:36.004-05:00 level=INFO source=/Users/josephcocozza/Repositories/text-editor/unnamed/editor/editor.go:178 msg="key read" key=Ͼ
time=2025-01-21T19:02:36.410-05:00 level=INFO source=/Users/josephcocozza/Repositories/text-editor/unnamed/editor/editor.go:178 msg="key read" key=Ͻ
time=2025-01-21T19:02:36.830-05:00 level=INFO source=/Users/josephcocozza/Repositories/text-editor/unnamed/editor/editor.go:178 msg="key read" key=Ͼ
time=2025-01-21T19:02:37.143-05:00 level=INFO source=/Users/josephcocozza/Repositories/text-editor/unnamed/editor/editor.go:178 msg="key read" key=Ͻ
time=2025-01-21T19:02:37.379-05:00 level=INFO source=/Users/josephcocozza/Repositories/text-editor/unnamed/editor/editor.go:178 msg="key read" key=Ͼ
time=2025-01-21T19:02:57.903-05:00 level=INFO source=/Users/josephcocozza/Repositories/text-editor/unnamed/editor/editor.go:114 msg="read keypress" byte=k
time=2025-01-21T19:02:57.903-05:00 level=INFO source=/Users/josephcocozza/Repositories/text-editor/unnamed/editor/editor.go:178 msg="key read" key=k
time=2025-01-21T19:02:58.048-05:00 level=INFO source=/Users/josephcocozza/Repositories/text-editor/unnamed/editor/editor.go:114 msg="read keypress" byte=k
time=2025-01-21T19:02:58.048-05:00 level=INFO source=/Users/josephcocozza/Repositories/text-editor/unnamed/editor/editor.go:178 msg="key read" key=k
time=2025-01-21T19:02:58.591-05:00 level=INFO source=/Users/josephcocozza/Repositories/text-editor/unnamed/editor/editor.go:114 msg="read keypress" byte=k
time=2025-01-21T19:02:58.591-05:00 level=INFO source=/Users/josephcocozza/Repositories/text-editor/unnamed/editor/editor.go:178 msg="key read" key=k
time=2025-01-21T19:02:58.782-05:00 level=INFO source=/Users/josephcocozza/Repositories/text-editor/unnamed/editor/editor.go:114 msg="read keypress" byte=k
time=2025-01-21T19:02:58.782-05:00 level=INFO source=/Users/josephcocozza/Repositories/text-editor/unnamed/editor/editor.go:178 msg="key read" key=k
time=2025-01-21T19:02:58.964-05:00 level=INFO source=/Users/josephcocozza/Repositories/text-editor/unnamed/editor/editor.go:114 msg="read keypress" byte=k
time=2025-01-21T19:02:58.965-05:00 level=INFO source=/Users/josephcocozza/Repositories/text-editor/unnamed/editor/editor.go:178 msg="key read" key=k
time=2025-01-21T19:02:59.131-05:00 level=INFO source=/Users/josephcocozza/Repositories/text-editor/unnamed/editor/editor.go:114 msg="read keypress" byte=k
time=2025-01-21T19:02:59.131-05:00 level=INFO source=/Users/josephcocozza/Repositories/text-editor/unnamed/editor/editor.go:178 msg="key read" key=k
time=2025-01-21T19:03:00.557-05:00 level=INFO source=/Users/josephcocozza/Repositories/text-editor/unnamed/editor/editor.go:114 msg="read keypress" byte="\x11"
time=2025-01-21T19:03:00.557-05:00 level=INFO source=/Users/josephcocozza/Repositories/text-editor/unnamed/editor/editor.go:178 msg="key read" key="\x11"
time=2025-01-21T19:03:00.558-05:00 level=INFO source=/Users/josephcocozza/Repositories/text-editor/unnamed/editor/editor.go:85 msg=quit
