time=2025-01-21T18:32:20.210-05:00 level=INFO source=/Users/josephcocozza/Repositories/text-editor/unnamed/editor/editor.go:47 msg="editor initialized set up"
time=2025-01-21T18:32:21.372-05:00 level=INFO source=/Users/josephcocozza/Repositories/text-editor/unnamed/editor/editor.go:177 msg="key read" key=Ѐ
time=2025-01-21T18:32:21.534-05:00 level=INFO source=/Users/josephcocozza/Repositories/text-editor/unnamed/editor/editor.go:177 msg="key read" key=Ѐ
time=2025-01-21T18:32:21.715-05:00 level=INFO source=/Users/josephcocozza/Repositories/text-editor/unnamed/editor/editor.go:177 msg="key read" key=Ѐ
time=2025-01-21T18:32:21.866-05:00 level=INFO source=/Users/josephcocozza/Repositories/text-editor/unnamed/editor/editor.go:177 msg="key read" key=Ѐ
time=2025-01-21T18:32:22.031-05:00 level=INFO source=/Users/josephcocozza/Repositories/text-editor/unnamed/editor/editor.go:177 msg="key read" key=Ѐ
time=2025-01-21T18:32:22.193-05:00 level=INFO source=/Users/josephcocozza/Repositories/text-editor/unnamed/editor/editor.go:177 msg="key read" key=Ѐ
time=2025-01-21T18:32:22.347-05:00 level=INFO source=/Users/josephcocozza/Repositories/text-editor/unnamed/editor/editor.go:177 msg="key read" key=Ѐ
time=2025-01-21T18:32:22.512-05:00 level=INFO source=/Users/josephcocozza/Repositories/text-editor/unnamed/editor/editor.go:177 msg="key read" key=Ѐ
time=2025-01-21T18:32:22.690-05:00 level=INFO source=/Users/josephcocozza/Repositories/text-editor/unnamed/editor/editor.go:177 msg="key read" key=Ѐ
time=2025-01-21T18:32:22.839-05:00 level=INFO source=/Users/josephcocozza/Repositories/text-editor/unnamed/editor/editor.go:177 msg="key read" key=Ѐ
time=2025-01-21T18:32:23.020-05:00 level=INFO source=/Users/josephcocozza/Repositories/text-editor/unnamed/editor/editor.go:177 msg="key read" key=Ђ
time=2025-01-21T18:32:23.523-05:00 level=INFO source=/Users/josephcocozza/Repositories/text-editor/unnamed/editor/editor.go:177 msg="key read" key=Ђ
time=2025-01-21T18:32:23.605-05:00 level=INFO source=/Users/josephcocozza/Repositories/text-editor/unnamed/editor/editor.go:177 msg="key read" key=Ђ
time=2025-01-21T18:32:23.690-05:00 level=INFO source=/Users/josephcocozza/Repositories/text-editor/unnamed/editor/editor.go:177 msg="key read" key=Ђ
time=2025-01-21T18:32:23.774-05:00 level=INFO source=/Users/josephcocozza/Repositories/text-editor/unnamed/editor/editor.go:177 msg="key read" key=Ђ
time=2025-01-21T18:32:23.857-05:00 level=INFO source=/Users/josephcocozza/Repositories/text-editor/unnamed/editor/editor.go:177 msg="key read" key=Ђ
time=2025-01-21T18:32:23.938-05:00 level=INFO source=/Users/josephcocozza/Repositories/text-editor/unnamed/editor/editor.go:177 msg="key read" key=Ђ
time=2025-01-21T18:32:24.025-05:00 level=INFO source=/Users/josephcocozza/Repositories/text-editor/unnamed/editor/editor.go:177 msg="key read" key=Ђ
time=2025-01-21T18:32:24.108-05:00 level=INFO source=/Users/josephcocozza/Repositories/text-editor/unnamed/editor/editor.go:177 msg="key read" key=Ђ
time=2025-01-21T18:32:24.191-05:00 level=INFO source=/Users/josephcocozza/Repositories/text-editor/unnamed/editor/editor.go:177 msg="key read" key=Ђ
time=2025-01-21T18:32:24.278-05:00 level=INFO source=/Users/josephcocozza/Repositories/text-editor/unnamed/editor/editor.go:177 msg="key read" key=Ђ
time=2025-01-21T18:32:24.361-05:00 level=INFO source=/Users/josephcocozza/Repositories/text-editor/unnamed/editor/editor.go:177 msg="key read" key=Ђ
time=2025-01-21T18:32:24.443-05:00 level=INFO source=/Users/josephcocozza/Repositories/text-editor/unnamed/editor/editor.go:177 msg="key read" key=Ђ
time=2025-01-21T18:32:24.527-05:00 level=INFO source=/Users/josephcocozza/Repositories/text-editor/unnamed/editor/editor.go:177 msg="key read" key=Ђ
time=2025-01-21T18:32:24.610-05:00 level=INFO source=/Users/josephcocozza/Repositories/text-editor/unnamed/editor/editor.go:177 msg="key read" key=Ђ
time=2025-01-21T18:32:24.696-05:00 level=INFO source=/Users/josephcocozza/Repositories/text-editor/unnamed/editor/editor.go:177 msg="key read" key=Ђ
time=2025-01-21T18:32:24.778-05:00 level=INFO source=/Users/josephcocozza/Repositories/text-editor/unnamed/editor/editor.go:177 msg="key read" key=Ђ
time=2025-01-21T18:32:24.862-05:00 level=INFO source=/Users/josephcocozza/Repositories/text-editor/unnamed/editor/editor.go:177 msg="key read" key=Ђ
time=2025-01-21T18:32:24.948-05:00 level=INFO source=/Users/josephcocozza/Repositories/text-editor/unnamed/editor/editor.go:177 msg="key read" key=Ђ
time=2025-01-21T18:32:25.030-05:00 level=INFO source=/Users/josephcocozza/Repositories/text-editor/unnamed/editor/editor.go:177 msg="key read" key=Ђ
time=2025-01-21T18:32:25.115-05:00 level=INFO source=/Users/josephcocozza/Repositories/text-editor/unnamed/editor/editor.go:177 msg="key read" key=Ђ
time=2025-01-21T18:32:25.198-05:00 level=INFO source=/Users/josephcocozza/Repositories/text-editor/unnamed/editor/editor.go:177 msg="key read" key=Ђ
time=2025-01-21T18:32:25.285-05:00 level=INFO source=/Users/josephcocozza/Repositories/text-editor/unnamed/editor/editor.go:177 msg="key read" key=Ђ
time=2025-01-21T18:32:25.367-05:00 level=INFO source=/Users/josephcocozza/Repositories/text-editor/unnamed/editor/editor.go:177 msg="key read" key=Ђ
time=2025-01-21T18:32:25.451-05:00 level=INFO source=/Users/josephcocozza/Repositories/text-editor/unnamed/editor/editor.go:177 msg="key read" key=Ђ
time=2025-01-21T18:32:25.537-05:00 level=INFO source=/Users/josephcocozza/Repositories/text-editor/unnamed/editor/editor.go:177 msg="key read" key=Ђ
time=2025-01-21T18:32:25.619-05:00 level=INFO source=/Users/josephcocozza/Repositories/text-editor/unnamed/editor/editor.go:177 msg="key read" key=Ђ
time=2025-01-21T18:32:25.704-05:00 level=INFO source=/Users/josephcocozza/Repositories/text-editor/unnamed/editor/editor.go:177 msg="key read" key=Ђ
time=2025-01-21T18:32:25.788-05:00 level=INFO source=/Users/josephcocozza/Repositories/text-editor/unnamed/editor/editor.go:177 msg="key read" key=Ђ
time=2025-01-21T18:32:25.871-05:00 level=INFO source=/Users/josephcocozza/Repositories/text-editor/unnamed/editor/editor.go:177 msg="key read" key=Ђ
time=2025-01-21T18:32:25.954-05:00 level=INFO source=/Users/josephcocozza/Repositories/text-editor/unnamed/editor/editor.go:177 msg="key read" key=Ђ
time=2025-01-21T18:32:26.039-05:00 level=INFO source=/Users/josephcocozza/Repositories/text-editor/unnamed/editor/editor.go:177 msg="key read" key=Ђ
time=2025-01-21T18:32:26.123-05:00 level=INFO source=/Users/josephcocozza/Repositories/text-editor/unnamed/editor/editor.go:177 msg="key read" key=Ђ
time=2025-01-21T18:32:26.205-05:00 level=INFO source=/Users/josephcocozza/Repositories/text-editor/unnamed/editor/editor.go:177 msg="key read" key=Ђ
time=2025-01-21T18:32:26.292-05:00 level=INFO source=/Users/josephcocozza/Repositories/text-editor/unnamed/editor/editor.go:177 msg="key read" key=Ђ
time=2025-01-21T18:32:26.376-05:00 level=INFO source=/Users/josephcocozza/Repositories/text-editor/unnamed/editor/editor.go:177 msg="key read" key=Ђ
time=2025-01-21T18:32:26.457-05:00 level=INFO source=/Users/josephcocozza/Repositories/text-editor/unnamed/editor/editor.go:177 msg="key read" key=Ђ
time=2025-01-21T18:32:26.543-05:00 level=INFO source=/Users/josephcocozza/Repositories/text-editor/unnamed/editor/editor.go:177 msg="key read" key=Ђ
time=2025-01-21T18:32:26.625-05:00 level=INFO source=/Users/josephcocozza/Repositories/text-editor/unnamed/editor/editor.go:177 msg="key read" key=Ђ
time=2025-01-21T18:32:26.711-05:00 level=INFO source=/Users/josephcocozza/Repositories/text-editor/unnamed/editor/editor.go:177 msg="key read" key=Ђ
time=2025-01-21T18:32:26.795-05:00 level=INFO source=/Users/josephcocozza/Repositories/text-editor/unnamed/editor/editor.go:177 msg="key read" key=Ђ
time=2025-01-21T18:32:26.879-05:00 level=INFO source=/Users/josephcocozza/Repositories/text-editor/unnamed/editor/editor.go:177 msg="key read" key=Ђ
time=2025-01-21T18:32:26.963-05:00 level=INFO source=/Users/josephcocozza/Repositories/text-editor/unnamed/editor/editor.go:177 msg="key read" key=Ђ
time=2025-01-21T18:32:27.046-05:00 level=INFO source=/Users/josephcocozza/Repositories/text-editor/unnamed/editor/editor.go:177 msg="key read" key=Ђ
time=2025-01-21T18:32:27.131-05:00 level=INFO source=/Users/josephcocozza/Repositories/text-editor/unnamed/editor/editor.go:177 msg="key read" key=Ђ
time=2025-01-21T18:32:27.214-05:00 level=INFO source=/Users/josephcocozza/Repositories/text-editor/unnamed/editor/editor.go:177 msg="key read" key=Ђ
time=2025-01-21T18:32:27.299-05:00 level=INFO source=/Users/josephcocozza/Repositories/text-editor/unnamed/editor/editor.go:177 msg="key read" key=Ђ
time=2025-01-21T18:32:27.381-05:00 level=INFO source=/Users/josephcocozza/Repositories/text-editor/unnamed/editor/editor.go:177 msg="key read" key=Ђ
time=2025-01-21T18:32:27.467-05:00 level=INFO source=/Users/josephcocozza/Repositories/text-editor/unnamed/editor/editor.go:177 msg="key read" key=Ђ
time=2025-01-21T18:32:27.551-05:00 level=INFO source=/Users/josephcocozza/Repositories/text-editor/unnamed/editor/editor.go:177 msg="key read" key=Ђ
time=2025-01-21T18:32:27.634-05:00 level=INFO source=/Users/josephcocozza/Repositories/text-editor/unnamed/editor/editor.go:177 msg="key read" key=Ђ
time=2025-01-21T18:32:27.720-05:00 level=INFO source=/Users/josephcocozza/Repositories/text-editor/unnamed/editor/editor.go:177 msg="key read" key=Ђ
time=2025-01-21T18:32:27.803-05:00 level=INFO source=/Users/josephcocozza/Repositories/text-editor/unnamed/editor/editor.go:177 msg="key read" key=Ђ
time=2025-01-21T18:32:27.887-05:00 level=INFO source=/Users/josephcocozza/Repositories/text-editor/unnamed/editor/editor.go:177 msg="key read" key=Ђ
time=2025-01-21T18:32:27.970-05:00 level=INFO source=/Users/josephcocozza/Repositories/text-editor/unnamed/editor/editor.go:177 msg="key read" key=Ђ
time=2025-01-21T18:32:28.057-05:00 level=INFO source=/Users/josephcocozza/Repositories/text-editor/unnamed/editor/editor.go:177 msg="key read" key=Ђ
time=2025-01-21T18:32:28.140-05:00 level=INFO source=/Users/josephcocozza/Repositories/text-editor/unnamed/editor/editor.go:177 msg="key read" key=Ђ
time=2025-01-21T18:32:28.224-05:00 level=INFO source=/Users/josephcocozza/Repositories/text-editor/unnamed/editor/editor.go:177 msg="key read" key=Ђ
time=2025-01-21T18:32:28.308-05:00 level=INFO source=/Users/josephcocozza/Repositories/text-editor/unnamed/editor/editor.go:177 msg="key read" key=Ђ
time=2025-01-21T18:32:28.390-05:00 level=INFO source=/Users/josephcocozza/Repositories/text-editor/unnamed/editor/editor.go:177 msg="key read" key=Ђ
time=2025-01-21T18:32:28.478-05:00 level=INFO source=/Users/josephcocozza/Repositories/text-editor/unnamed/editor/editor.go:177 msg="key read" key=Ђ
time=2025-01-21T18:32:28.559-05:00 level=INFO source=/Users/josephcocozza/Repositories/text-editor/unnamed/editor/editor.go:177 msg="key read" key=Ђ
time=2025-01-21T18:32:28.644-05:00 level=INFO source=/Users/josephcocozza/Repositories/text-editor/unnamed/editor/editor.go:177 msg="key read" key=Ђ
time=2025-01-21T18:32:28.728-05:00 level=INFO source=/Users/josephcocozza/Repositories/text-editor/unnamed/editor/editor.go:177 msg="key read" key=Ђ
time=2025-01-21T18:32:28.812-05:00 level=INFO source=/Users/josephcocozza/Repositories/text-editor/unnamed/editor/editor.go:177 msg="key read" key=Ђ
time=2025-01-21T18:32:28.897-05:00 level=INFO source=/Users/josephcocozza/Repositories/text-editor/unnamed/editor/editor.go:177 msg="key read" key=Ђ
time=2025-01-21T18:32:28.980-05:00 level=INFO source=/Users/josephcocozza/Repositories/text-editor/unnamed/editor/editor.go:177 msg="key read" key=Ђ
time=2025-01-21T18:32:29.062-05:00 level=INFO source=/Users/josephcocozza/Repositories/text-editor/unnamed/editor/editor.go:177 msg="key read" key=Ђ
time=2025-01-21T18:32:29.149-05:00 level=INFO source=/Users/josephcocozza/Repositories/text-editor/unnamed/editor/editor.go:177 msg="key read" key=Ђ
time=2025-01-21T18:32:29.320-05:00 level=INFO source=/Users/josephcocozza/Repositories/text-editor/unnamed/editor/editor.go:177 msg="key read" key=Ѐ
time=2025-01-21T18:32:29.516-05:00 level=INFO source=/Users/josephcocozza/Repositories/text-editor/unnamed/editor/editor.go:177 msg="key read" key=Ђ
time=2025-01-21T18:32:29.740-05:00 level=INFO source=/Users/josephcocozza/Repositories/text-editor/unnamed/editor/editor.go:177 msg="key read" key=Ђ
time=2025-01-21T18:32:29.920-05:00 level=INFO source=/Users/josephcocozza/Repositories/text-editor/unnamed/editor/editor.go:177 msg="key read" key=Ђ
time=2025-01-21T18:32:30.098-05:00 level=INFO source=/Users/josephcocozza/Repositories/text-editor/unnamed/editor/editor.go:177 msg="key read" key=Ђ
time=2025-01-21T18:32:30.279-05:00 level=INFO source=/Users/josephcocozza/Repositories/text-editor/unnamed/editor/editor.go:177 msg="key read" key=Ђ
time=2025-01-21T18:32:30.398-05:00 level=INFO source=/Users/josephcocozza/Repositories/text-editor/unnamed/editor/editor.go:177 msg="key read" key=Ѐ
time=2025-01-21T18:32:30.609-05:00 level=INFO source=/Users/josephcocozza/Repositories/text-editor/unnamed/editor/editor.go:177 msg="key read" key=Ѐ
time=2025-01-21T18:32:30.743-05:00 level=INFO source=/Users/josephcocozza/Repositories/text-editor/unnamed/editor/editor.go:177 msg="key read" key=Ё
time=2025-01-21T18:32:30.835-05:00 level=INFO source=/Users/josephcocozza/Repositories/text-editor/unnamed/editor/editor.go:177 msg="key read" key=Ђ
time=2025-01-21T18:32:30.898-05:00 level=INFO source=/Users/josephcocozza/Repositories/text-editor/unnamed/editor/editor.go:177 msg="key read" key=Ѐ
time=2025-01-21T18:32:30.969-05:00 level=INFO source=/Users/josephcocozza/Repositories/text-editor/unnamed/editor/editor.go:177 msg="key read" key=Ё
time=2025-01-21T18:32:31.088-05:00 level=INFO source=/Users/josephcocozza/Repositories/text-editor/unnamed/editor/editor.go:177 msg="key read" key=Ђ
time=2025-01-21T18:32:31.133-05:00 level=INFO source=/Users/josephcocozza/Repositories/text-editor/unnamed/editor/editor.go:177 msg="key read" key=Ѐ
time=2025-01-21T18:32:31.236-05:00 level=INFO source=/Users/josephcocozza/Repositories/text-editor/unnamed/editor/editor.go:177 msg="key read" key=Ё
time=2025-01-21T18:32:31.343-05:00 level=INFO source=/Users/josephcocozza/Repositories/text-editor/unnamed/editor/editor.go:177 msg="key read" key=Ђ
time=2025-01-21T18:32:31.423-05:00 level=INFO source=/Users/josephcocozza/Repositories/text-editor/unnamed/editor/editor.go:177 msg="key read" key=Ѐ
time=2025-01-21T18:32:31.585-05:00 level=INFO source=/Users/josephcocozza/Repositories/text-editor/unnamed/editor/editor.go:177 msg="key read" key=Ђ
time=2025-01-21T18:32:31.809-05:00 level=INFO source=/Users/josephcocozza/Repositories/text-editor/unnamed/editor/editor.go:177 msg="key read" key=Ђ
time=2025-01-21T18:32:31.974-05:00 level=INFO source=/Users/josephcocozza/Repositories/text-editor/unnamed/editor/editor.go:177 msg="key read" key=Ђ
time=2025-01-21T18:32:32.141-05:00 level=INFO source=/Users/josephcocozza/Repositories/text-editor/unnamed/editor/editor.go:177 msg="key read" key=Ђ
time=2025-01-21T18:32:32.288-05:00 level=INFO source=/Users/josephcocozza/Repositories/text-editor/unnamed/editor/editor.go:177 msg="key read" key=Ђ
time=2025-01-21T18:32:32.440-05:00 level=INFO source=/Users/josephcocozza/Repositories/text-editor/unnamed/editor/editor.go:177 msg="key read" key=Ђ
time=2025-01-21T18:32:32.575-05:00 level=INFO source=/Users/josephcocozza/Repositories/text-editor/unnamed/editor/editor.go:177 msg="key read" key=Ђ
time=2025-01-21T18:32:32.725-05:00 level=INFO source=/Users/josephcocozza/Repositories/text-editor/unnamed/editor/editor.go:177 msg="key read" key=Ђ
time=2025-01-21T18:32:34.833-05:00 level=INFO source=/Users/josephcocozza/Repositories/text-editor/unnamed/editor/editor.go:177 msg="key read" key=Ѓ
time=2025-01-21T18:32:37.843-05:00 level=INFO source=/Users/josephcocozza/Repositories/text-editor/unnamed/editor/editor.go:177 msg="key read" key=Є
time=2025-01-21T18:32:38.470-05:00 level=INFO source=/Users/josephcocozza/Repositories/text-editor/unnamed/editor/editor.go:177 msg="key read" key=Ѓ
time=2025-01-21T18:32:38.907-05:00 level=INFO source=/Users/josephcocozza/Repositories/text-editor/unnamed/editor/editor.go:177 msg="key read" key=Є
time=2025-01-21T18:32:39.085-05:00 level=INFO source=/Users/josephcocozza/Repositories/text-editor/unnamed/editor/editor.go:177 msg="key read" key=Ѓ
time=2025-01-21T18:32:39.279-05:00 level=INFO source=/Users/josephcocozza/Repositories/text-editor/unnamed/editor/editor.go:177 msg="key read" key=Є
time=2025-01-21T18:32:39.449-05:00 level=INFO source=/Users/josephcocozza/Repositories/text-editor/unnamed/editor/editor.go:177 msg="key read" key=Ѓ
time=2025-01-21T18:32:39.641-05:00 level=INFO source=/Users/josephcocozza/Repositories/text-editor/unnamed/editor/editor.go:177 msg="key read" key=Є
time=2025-01-21T18:32:39.821-05:00 level=INFO source=/Users/josephcocozza/Repositories/text-editor/unnamed/editor/editor.go:177 msg="key read" key=Ѓ
time=2025-01-21T18:32:40.843-05:00 level=INFO source=/Users/josephcocozza/Repositories/text-editor/unnamed/editor/editor.go:177 msg="key read" key=Ͽ
time=2025-01-21T18:32:41.924-05:00 level=INFO source=/Users/josephcocozza/Repositories/text-editor/unnamed/editor/editor.go:177 msg="key read" key=Є
time=2025-01-21T18:32:42.460-05:00 level=INFO source=/Users/josephcocozza/Repositories/text-editor/unnamed/editor/editor.go:177 msg="key read" key=Ѓ
time=2025-01-21T18:32:42.836-05:00 level=INFO source=/Users/josephcocozza/Repositories/text-editor/unnamed/editor/editor.go:177 msg="key read" key=Є
time=2025-01-21T18:32:43.001-05:00 level=INFO source=/Users/josephcocozza/Repositories/text-editor/unnamed/editor/editor.go:177 msg="key read" key=Ѓ
time=2025-01-21T18:32:43.181-05:00 level=INFO source=/Users/josephcocozza/Repositories/text-editor/unnamed/editor/editor.go:177 msg="key read" key=Є
time=2025-01-21T18:32:43.328-05:00 level=INFO source=/Users/josephcocozza/Repositories/text-editor/unnamed/editor/editor.go:177 msg="key read" key=Ѓ
time=2025-01-21T18:32:43.479-05:00 level=INFO source=/Users/josephcocozza/Repositories/text-editor/unnamed/editor/editor.go:177 msg="key read" key=Є
time=2025-01-21T18:32:44.457-05:00 level=INFO source=/Users/josephcocozza/Repositories/text-editor/unnamed/editor/editor.go:113 msg="read keypress" byte="\x11"
time=2025-01-21T18:32:44.457-05:00 level=INFO source=/Users/josephcocozza/Repositories/text-editor/unnamed/editor/editor.go:177 msg="key read" key="\x11"
time=2025-01-21T18:32:44.457-05:00 level=INFO source=/Users/josephcocozza/Repositories/text-editor/unnamed/editor/editor.go:85 msg=quit
