time=2025-01-21T18:59:49.627-05:00 level=INFO source=/Users/josephcocozza/Repositories/text-editor/unnamed/editor/editor.go:47 msg="editor initialized set up"
time=2025-01-21T18:59:50.556-05:00 level=INFO source=/Users/josephcocozza/Repositories/text-editor/unnamed/editor/editor.go:178 msg="key read" key=Ѐ
time=2025-01-21T18:59:50.702-05:00 level=INFO source=/Users/josephcocozza/Repositories/text-editor/unnamed/editor/editor.go:178 msg="key read" key=Ѐ
time=2025-01-21T18:59:50.869-05:00 level=INFO source=/Users/josephcocozza/Repositories/text-editor/unnamed/editor/editor.go:178 msg="key read" key=Ђ
time=2025-01-21T18:59:51.370-05:00 level=INFO source=/Users/josephcocozza/Repositories/text-editor/unnamed/editor/editor.go:178 msg="key read" key=Ђ
time=2025-01-21T18:59:51.450-05:00 level=INFO source=/Users/josephcocozza/Repositories/text-editor/unnamed/editor/editor.go:178 msg="key read" key=Ђ
time=2025-01-21T18:59:51.534-05:00 level=INFO source=/Users/josephcocozza/Repositories/text-editor/unnamed/editor/editor.go:178 msg="key read" key=Ђ
time=2025-01-21T18:59:51.618-05:00 level=INFO source=/Users/josephcocozza/Repositories/text-editor/unnamed/editor/editor.go:178 msg="key read" key=Ђ
time=2025-01-21T18:59:51.703-05:00 level=INFO source=/Users/josephcocozza/Repositories/text-editor/unnamed/editor/editor.go:178 msg="key read" key=Ђ
time=2025-01-21T18:59:51.790-05:00 level=INFO source=/Users/josephcocozza/Repositories/text-editor/unnamed/editor/editor.go:178 msg="key read" key=Ђ
time=2025-01-21T18:59:51.873-05:00 level=INFO source=/Users/josephcocozza/Repositories/text-editor/unnamed/editor/editor.go:178 msg="key read" key=Ђ
time=2025-01-21T18:59:51.956-05:00 level=INFO source=/Users/josephcocozza/Repositories/text-editor/unnamed/editor/editor.go:178 msg="key read" key=Ђ
time=2025-01-21T18:59:52.039-05:00 level=INFO source=/Users/josephcocozza/Repositories/text-editor/unnamed/editor/editor.go:178 msg="key read" key=Ђ
time=2025-01-21T18:59:52.124-05:00 level=INFO source=/Users/josephcocozza/Repositories/text-editor/unnamed/editor/editor.go:178 msg="key read" key=Ђ
time=2025-01-21T18:59:52.211-05:00 level=INFO source=/Users/josephcocozza/Repositories/text-editor/unnamed/editor/editor.go:178 msg="key read" key=Ђ
time=2025-01-21T18:59:52.307-05:00 level=INFO source=/Users/josephcocozza/Repositories/text-editor/unnamed/editor/editor.go:178 msg="key read" key=Ѐ
time=2025-01-21T18:59:52.478-05:00 level=INFO source=/Users/josephcocozza/Repositories/text-editor/unnamed/editor/editor.go:178 msg="key read" key=Ђ
time=2025-01-21T18:59:52.976-05:00 level=INFO source=/Users/josephcocozza/Repositories/text-editor/unnamed/editor/editor.go:178 msg="key read" key=Ђ
time=2025-01-21T18:59:53.055-05:00 level=INFO source=/Users/josephcocozza/Repositories/text-editor/unnamed/editor/editor.go:178 msg="key read" key=Ђ
time=2025-01-21T18:59:53.138-05:00 level=INFO source=/Users/josephcocozza/Repositories/text-editor/unnamed/editor/editor.go:178 msg="key read" key=Ђ
time=2025-01-21T18:59:53.223-05:00 level=INFO source=/Users/josephcocozza/Repositories/text-editor/unnamed/editor/editor.go:178 msg="key read" key=Ђ
time=2025-01-21T18:59:53.306-05:00 level=INFO source=/Users/josephcocozza/Repositories/text-editor/unnamed/editor/editor.go:178 msg="key read" key=Ђ
time=2025-01-21T18:59:53.392-05:00 level=INFO source=/Users/josephcocozza/Repositories/text-editor/unnamed/editor/editor.go:178 msg="key read" key=Ђ
time=2025-01-21T18:59:53.475-05:00 level=INFO source=/Users/josephcocozza/Repositories/text-editor/unnamed/editor/editor.go:178 msg="key read" key=Ђ
time=2025-01-21T18:59:53.559-05:00 level=INFO source=/Users/josephcocozza/Repositories/text-editor/unnamed/editor/editor.go:178 msg="key read" key=Ђ
time=2025-01-21T18:59:53.643-05:00 level=INFO source=/Users/josephcocozza/Repositories/text-editor/unnamed/editor/editor.go:178 msg="key read" key=Ђ
time=2025-01-21T18:59:53.715-05:00 level=INFO source=/Users/josephcocozza/Repositories/text-editor/unnamed/editor/editor.go:178 msg="key read" key=Ђ
time=2025-01-21T18:59:53.869-05:00 level=INFO source=/Users/josephcocozza/Repositories/text-editor/unnamed/editor/editor.go:178 msg="key read" key=Ѐ
time=2025-01-21T18:59:54.061-05:00 level=INFO source=/Users/josephcocozza/Repositories/text-editor/unnamed/editor/editor.go:178 msg="key read" key=Ѐ
time=2025-01-21T18:59:54.241-05:00 level=INFO source=/Users/josephcocozza/Repositories/text-editor/unnamed/editor/editor.go:178 msg="key read" key=Ѐ
time=2025-01-21T18:59:54.391-05:00 level=INFO source=/Users/josephcocozza/Repositories/text-editor/unnamed/editor/editor.go:178 msg="key read" key=Ѐ
time=2025-01-21T18:59:54.571-05:00 level=INFO source=/Users/josephcocozza/Repositories/text-editor/unnamed/editor/editor.go:178 msg="key read" key=Ѐ
time=2025-01-21T18:59:55.487-05:00 level=INFO source=/Users/josephcocozza/Repositories/text-editor/unnamed/editor/editor.go:114 msg="read keypress" byte="\x11"
time=2025-01-21T18:59:55.488-05:00 level=INFO source=/Users/josephcocozza/Repositories/text-editor/unnamed/editor/editor.go:178 msg="key read" key="\x11"
time=2025-01-21T18:59:55.488-05:00 level=INFO source=/Users/josephcocozza/Repositories/text-editor/unnamed/editor/editor.go:85 msg=quit
