time=2025-01-21T18:06:46.916-05:00 level=INFO source=/Users/josephcocozza/Repositories/text-editor/unnamed/editor/editor.go:47 msg=inited
time=2025-01-21T18:07:06.373-05:00 level=INFO source=/Users/josephcocozza/Repositories/text-editor/unnamed/editor/editor.go:105 msg="read keypress" byte=a
time=2025-01-21T18:07:06.373-05:00 level=INFO source=/Users/josephcocozza/Repositories/text-editor/unnamed/editor/editor.go:169 msg="key read" key=a
time=2025-01-21T18:07:13.574-05:00 level=INFO source=/Users/josephcocozza/Repositories/text-editor/unnamed/editor/editor.go:105 msg="read keypress" byte=b
time=2025-01-21T18:07:13.574-05:00 level=INFO source=/Users/josephcocozza/Repositories/text-editor/unnamed/editor/editor.go:169 msg="key read" key=b
time=2025-01-21T18:07:15.734-05:00 level=INFO source=/Users/josephcocozza/Repositories/text-editor/unnamed/editor/editor.go:105 msg="read keypress" byte=c
time=2025-01-21T18:07:15.734-05:00 level=INFO source=/Users/josephcocozza/Repositories/text-editor/unnamed/editor/editor.go:169 msg="key read" key=c
time=2025-01-21T18:07:16.317-05:00 level=INFO source=/Users/josephcocozza/Repositories/text-editor/unnamed/editor/editor.go:105 msg="read keypress" byte=d
time=2025-01-21T18:07:16.317-05:00 level=INFO source=/Users/josephcocozza/Repositories/text-editor/unnamed/editor/editor.go:169 msg="key read" key=d
time=2025-01-21T18:07:16.647-05:00 level=INFO source=/Users/josephcocozza/Repositories/text-editor/unnamed/editor/editor.go:105 msg="read keypress" byte=e
time=2025-01-21T18:07:16.647-05:00 level=INFO source=/Users/josephcocozza/Repositories/text-editor/unnamed/editor/editor.go:169 msg="key read" key=e
time=2025-01-21T18:07:16.991-05:00 level=INFO source=/Users/josephcocozza/Repositories/text-editor/unnamed/editor/editor.go:105 msg="read keypress" byte=f
time=2025-01-21T18:07:16.991-05:00 level=INFO source=/Users/josephcocozza/Repositories/text-editor/unnamed/editor/editor.go:169 msg="key read" key=f
time=2025-01-21T18:07:21.719-05:00 level=INFO source=/Users/josephcocozza/Repositories/text-editor/unnamed/editor/editor.go:105 msg="read keypress" byte="\r"
time=2025-01-21T18:07:21.719-05:00 level=INFO source=/Users/josephcocozza/Repositories/text-editor/unnamed/editor/editor.go:169 msg="key read" key="\r"
time=2025-01-21T18:07:25.050-05:00 level=INFO source=/Users/josephcocozza/Repositories/text-editor/unnamed/editor/editor.go:105 msg="read keypress" byte=1
time=2025-01-21T18:07:25.051-05:00 level=INFO source=/Users/josephcocozza/Repositories/text-editor/unnamed/editor/editor.go:169 msg="key read" key=1
time=2025-01-21T18:07:25.183-05:00 level=INFO source=/Users/josephcocozza/Repositories/text-editor/unnamed/editor/editor.go:105 msg="read keypress" byte=2
time=2025-01-21T18:07:25.183-05:00 level=INFO source=/Users/josephcocozza/Repositories/text-editor/unnamed/editor/editor.go:169 msg="key read" key=2
time=2025-01-21T18:07:25.375-05:00 level=INFO source=/Users/josephcocozza/Repositories/text-editor/unnamed/editor/editor.go:105 msg="read keypress" byte=3
time=2025-01-21T18:07:25.375-05:00 level=INFO source=/Users/josephcocozza/Repositories/text-editor/unnamed/editor/editor.go:169 msg="key read" key=3
time=2025-01-21T18:07:28.110-05:00 level=INFO source=/Users/josephcocozza/Repositories/text-editor/unnamed/editor/editor.go:105 msg="read keypress" byte=q
time=2025-01-21T18:07:28.111-05:00 level=INFO source=/Users/josephcocozza/Repositories/text-editor/unnamed/editor/editor.go:169 msg="key read" key=q
time=2025-01-21T18:07:31.007-05:00 level=INFO source=/Users/josephcocozza/Repositories/text-editor/unnamed/editor/editor.go:105 msg="read keypress" byte="\x03"
time=2025-01-21T18:07:31.007-05:00 level=INFO source=/Users/josephcocozza/Repositories/text-editor/unnamed/editor/editor.go:169 msg="key read" key="\x03"
time=2025-01-21T18:07:34.764-05:00 level=INFO source=/Users/josephcocozza/Repositories/text-editor/unnamed/editor/editor.go:105 msg="read keypress" byte="\r"
time=2025-01-21T18:07:34.764-05:00 level=INFO source=/Users/josephcocozza/Repositories/text-editor/unnamed/editor/editor.go:169 msg="key read" key="\r"
time=2025-01-21T18:07:36.267-05:00 level=INFO source=/Users/josephcocozza/Repositories/text-editor/unnamed/editor/editor.go:105 msg="read keypress" byte="\x0e"
time=2025-01-21T18:07:36.267-05:00 level=INFO source=/Users/josephcocozza/Repositories/text-editor/unnamed/editor/editor.go:169 msg="key read" key="\x0e"
time=2025-01-21T18:07:37.647-05:00 level=INFO source=/Users/josephcocozza/Repositories/text-editor/unnamed/editor/editor.go:105 msg="read keypress" byte="\v"
time=2025-01-21T18:07:37.647-05:00 level=INFO source=/Users/josephcocozza/Repositories/text-editor/unnamed/editor/editor.go:169 msg="key read" key="\v"
time=2025-01-21T18:07:40.362-05:00 level=INFO source=/Users/josephcocozza/Repositories/text-editor/unnamed/editor/editor.go:105 msg="read keypress" byte="\x1c"
time=2025-01-21T18:07:40.362-05:00 level=INFO source=/Users/josephcocozza/Repositories/text-editor/unnamed/editor/editor.go:169 msg="key read" key="\x1c"
time=2025-01-21T18:07:41.052-05:00 level=INFO source=/Users/josephcocozza/Repositories/text-editor/unnamed/editor/editor.go:105 msg="read keypress" byte=\
time=2025-01-21T18:07:41.053-05:00 level=INFO source=/Users/josephcocozza/Repositories/text-editor/unnamed/editor/editor.go:169 msg="key read" key=\
time=2025-01-21T18:07:41.578-05:00 level=INFO source=/Users/josephcocozza/Repositories/text-editor/unnamed/editor/editor.go:105 msg="read keypress" byte=\
time=2025-01-21T18:07:41.578-05:00 level=INFO source=/Users/josephcocozza/Repositories/text-editor/unnamed/editor/editor.go:169 msg="key read" key=\
time=2025-01-21T18:07:41.726-05:00 level=INFO source=/Users/josephcocozza/Repositories/text-editor/unnamed/editor/editor.go:105 msg="read keypress" byte=\
time=2025-01-21T18:07:41.727-05:00 level=INFO source=/Users/josephcocozza/Repositories/text-editor/unnamed/editor/editor.go:169 msg="key read" key=\
time=2025-01-21T18:07:41.862-05:00 level=INFO source=/Users/josephcocozza/Repositories/text-editor/unnamed/editor/editor.go:105 msg="read keypress" byte=\
time=2025-01-21T18:07:41.863-05:00 level=INFO source=/Users/josephcocozza/Repositories/text-editor/unnamed/editor/editor.go:169 msg="key read" key=\
time=2025-01-21T18:07:41.981-05:00 level=INFO source=/Users/josephcocozza/Repositories/text-editor/unnamed/editor/editor.go:105 msg="read keypress" byte=\
time=2025-01-21T18:07:41.982-05:00 level=INFO source=/Users/josephcocozza/Repositories/text-editor/unnamed/editor/editor.go:169 msg="key read" key=\
time=2025-01-21T18:07:46.273-05:00 level=INFO source=/Users/josephcocozza/Repositories/text-editor/unnamed/editor/editor.go:169 msg="key read" key=Ͽ
time=2025-01-21T18:07:47.040-05:00 level=INFO source=/Users/josephcocozza/Repositories/text-editor/unnamed/editor/editor.go:169 msg="key read" key=Ђ
time=2025-01-21T18:07:47.519-05:00 level=INFO source=/Users/josephcocozza/Repositories/text-editor/unnamed/editor/editor.go:169 msg="key read" key=Ё
time=2025-01-21T18:07:47.788-05:00 level=INFO source=/Users/josephcocozza/Repositories/text-editor/unnamed/editor/editor.go:169 msg="key read" key=Ѐ
time=2025-01-21T18:07:48.091-05:00 level=INFO source=/Users/josephcocozza/Repositories/text-editor/unnamed/editor/editor.go:169 msg="key read" key=Ђ
time=2025-01-21T18:07:48.296-05:00 level=INFO source=/Users/josephcocozza/Repositories/text-editor/unnamed/editor/editor.go:169 msg="key read" key=Ͽ
time=2025-01-21T18:07:48.434-05:00 level=INFO source=/Users/josephcocozza/Repositories/text-editor/unnamed/editor/editor.go:169 msg="key read" key=Ё
time=2025-01-21T18:07:48.508-05:00 level=INFO source=/Users/josephcocozza/Repositories/text-editor/unnamed/editor/editor.go:169 msg="key read" key=Ђ
time=2025-01-21T18:07:48.598-05:00 level=INFO source=/Users/josephcocozza/Repositories/text-editor/unnamed/editor/editor.go:169 msg="key read" key=Ͽ
time=2025-01-21T18:07:48.701-05:00 level=INFO source=/Users/josephcocozza/Repositories/text-editor/unnamed/editor/editor.go:169 msg="key read" key=Ё
time=2025-01-21T18:07:48.792-05:00 level=INFO source=/Users/josephcocozza/Repositories/text-editor/unnamed/editor/editor.go:169 msg="key read" key=Ђ
time=2025-01-21T18:07:48.866-05:00 level=INFO source=/Users/josephcocozza/Repositories/text-editor/unnamed/editor/editor.go:169 msg="key read" key=Ͽ
time=2025-01-21T18:07:48.954-05:00 level=INFO source=/Users/josephcocozza/Repositories/text-editor/unnamed/editor/editor.go:169 msg="key read" key=Ё
time=2025-01-21T18:07:49.090-05:00 level=INFO source=/Users/josephcocozza/Repositories/text-editor/unnamed/editor/editor.go:169 msg="key read" key=Ђ
time=2025-01-21T18:07:49.243-05:00 level=INFO source=/Users/josephcocozza/Repositories/text-editor/unnamed/editor/editor.go:169 msg="key read" key=Ͽ
time=2025-01-21T18:07:49.543-05:00 level=INFO source=/Users/josephcocozza/Repositories/text-editor/unnamed/editor/editor.go:169 msg="key read" key=Ѐ
time=2025-01-21T18:07:49.766-05:00 level=INFO source=/Users/josephcocozza/Repositories/text-editor/unnamed/editor/editor.go:169 msg="key read" key=Ђ
time=2025-01-21T18:07:49.857-05:00 level=INFO source=/Users/josephcocozza/Repositories/text-editor/unnamed/editor/editor.go:169 msg="key read" key=Ͽ
time=2025-01-21T18:07:49.959-05:00 level=INFO source=/Users/josephcocozza/Repositories/text-editor/unnamed/editor/editor.go:169 msg="key read" key=Ё
time=2025-01-21T18:07:50.173-05:00 level=INFO source=/Users/josephcocozza/Repositories/text-editor/unnamed/editor/editor.go:169 msg="key read" key=Ё
time=2025-01-21T18:07:50.305-05:00 level=INFO source=/Users/josephcocozza/Repositories/text-editor/unnamed/editor/editor.go:169 msg="key read" key=Ё
time=2025-01-21T18:07:50.456-05:00 level=INFO source=/Users/josephcocozza/Repositories/text-editor/unnamed/editor/editor.go:169 msg="key read" key=Ё
time=2025-01-21T18:07:50.576-05:00 level=INFO source=/Users/josephcocozza/Repositories/text-editor/unnamed/editor/editor.go:169 msg="key read" key=Ё
time=2025-01-21T18:07:50.714-05:00 level=INFO source=/Users/josephcocozza/Repositories/text-editor/unnamed/editor/editor.go:169 msg="key read" key=Ё
time=2025-01-21T18:07:50.847-05:00 level=INFO source=/Users/josephcocozza/Repositories/text-editor/unnamed/editor/editor.go:169 msg="key read" key=Ё
time=2025-01-21T18:07:51.223-05:00 level=INFO source=/Users/josephcocozza/Repositories/text-editor/unnamed/editor/editor.go:169 msg="key read" key=Ђ
time=2025-01-21T18:07:51.302-05:00 level=INFO source=/Users/josephcocozza/Repositories/text-editor/unnamed/editor/editor.go:169 msg="key read" key=Ͽ
time=2025-01-21T18:07:51.432-05:00 level=INFO source=/Users/josephcocozza/Repositories/text-editor/unnamed/editor/editor.go:169 msg="key read" key=Ё
time=2025-01-21T18:07:51.520-05:00 level=INFO source=/Users/josephcocozza/Repositories/text-editor/unnamed/editor/editor.go:169 msg="key read" key=Ђ
time=2025-01-21T18:07:51.596-05:00 level=INFO source=/Users/josephcocozza/Repositories/text-editor/unnamed/editor/editor.go:169 msg="key read" key=Ͽ
time=2025-01-21T18:07:51.703-05:00 level=INFO source=/Users/josephcocozza/Repositories/text-editor/unnamed/editor/editor.go:169 msg="key read" key=Ё
time=2025-01-21T18:07:51.795-05:00 level=INFO source=/Users/josephcocozza/Repositories/text-editor/unnamed/editor/editor.go:169 msg="key read" key=Ђ
time=2025-01-21T18:07:51.858-05:00 level=INFO source=/Users/josephcocozza/Repositories/text-editor/unnamed/editor/editor.go:169 msg="key read" key=Ͽ
time=2025-01-21T18:07:51.925-05:00 level=INFO source=/Users/josephcocozza/Repositories/text-editor/unnamed/editor/editor.go:169 msg="key read" key=Ё
time=2025-01-21T18:07:52.044-05:00 level=INFO source=/Users/josephcocozza/Repositories/text-editor/unnamed/editor/editor.go:169 msg="key read" key=Ђ
time=2025-01-21T18:07:52.110-05:00 level=INFO source=/Users/josephcocozza/Repositories/text-editor/unnamed/editor/editor.go:169 msg="key read" key=Ͽ
time=2025-01-21T18:07:52.180-05:00 level=INFO source=/Users/josephcocozza/Repositories/text-editor/unnamed/editor/editor.go:169 msg="key read" key=Ё
time=2025-01-21T18:07:52.285-05:00 level=INFO source=/Users/josephcocozza/Repositories/text-editor/unnamed/editor/editor.go:169 msg="key read" key=Ђ
time=2025-01-21T18:07:52.348-05:00 level=INFO source=/Users/josephcocozza/Repositories/text-editor/unnamed/editor/editor.go:169 msg="key read" key=Ͽ
time=2025-01-21T18:07:53.445-05:00 level=INFO source=/Users/josephcocozza/Repositories/text-editor/unnamed/editor/editor.go:105 msg="read keypress" byte="\r"
time=2025-01-21T18:07:53.445-05:00 level=INFO source=/Users/josephcocozza/Repositories/text-editor/unnamed/editor/editor.go:169 msg="key read" key="\r"
time=2025-01-21T18:07:53.577-05:00 level=INFO source=/Users/josephcocozza/Repositories/text-editor/unnamed/editor/editor.go:105 msg="read keypress" byte="\r"
time=2025-01-21T18:07:53.577-05:00 level=INFO source=/Users/josephcocozza/Repositories/text-editor/unnamed/editor/editor.go:169 msg="key read" key="\r"
time=2025-01-21T18:07:53.712-05:00 level=INFO source=/Users/josephcocozza/Repositories/text-editor/unnamed/editor/editor.go:105 msg="read keypress" byte="\r"
time=2025-01-21T18:07:53.712-05:00 level=INFO source=/Users/josephcocozza/Repositories/text-editor/unnamed/editor/editor.go:169 msg="key read" key="\r"
time=2025-01-21T18:07:53.848-05:00 level=INFO source=/Users/josephcocozza/Repositories/text-editor/unnamed/editor/editor.go:105 msg="read keypress" byte="\r"
time=2025-01-21T18:07:53.848-05:00 level=INFO source=/Users/josephcocozza/Repositories/text-editor/unnamed/editor/editor.go:169 msg="key read" key="\r"
time=2025-01-21T18:07:53.995-05:00 level=INFO source=/Users/josephcocozza/Repositories/text-editor/unnamed/editor/editor.go:105 msg="read keypress" byte="\r"
time=2025-01-21T18:07:53.995-05:00 level=INFO source=/Users/josephcocozza/Repositories/text-editor/unnamed/editor/editor.go:169 msg="key read" key="\r"
time=2025-01-21T18:07:54.131-05:00 level=INFO source=/Users/josephcocozza/Repositories/text-editor/unnamed/editor/editor.go:105 msg="read keypress" byte="\r"
time=2025-01-21T18:07:54.131-05:00 level=INFO source=/Users/josephcocozza/Repositories/text-editor/unnamed/editor/editor.go:169 msg="key read" key="\r"
time=2025-01-21T18:07:54.281-05:00 level=INFO source=/Users/josephcocozza/Repositories/text-editor/unnamed/editor/editor.go:105 msg="read keypress" byte="\r"
time=2025-01-21T18:07:54.282-05:00 level=INFO source=/Users/josephcocozza/Repositories/text-editor/unnamed/editor/editor.go:169 msg="key read" key="\r"
time=2025-01-21T18:07:54.414-05:00 level=INFO source=/Users/josephcocozza/Repositories/text-editor/unnamed/editor/editor.go:105 msg="read keypress" byte="\r"
time=2025-01-21T18:07:54.415-05:00 level=INFO source=/Users/josephcocozza/Repositories/text-editor/unnamed/editor/editor.go:169 msg="key read" key="\r"
time=2025-01-21T18:07:54.567-05:00 level=INFO source=/Users/josephcocozza/Repositories/text-editor/unnamed/editor/editor.go:105 msg="read keypress" byte="\r"
time=2025-01-21T18:07:54.568-05:00 level=INFO source=/Users/josephcocozza/Repositories/text-editor/unnamed/editor/editor.go:169 msg="key read" key="\r"
time=2025-01-21T18:07:54.716-05:00 level=INFO source=/Users/josephcocozza/Repositories/text-editor/unnamed/editor/editor.go:105 msg="read keypress" byte="\r"
time=2025-01-21T18:07:54.717-05:00 level=INFO source=/Users/josephcocozza/Repositories/text-editor/unnamed/editor/editor.go:169 msg="key read" key="\r"
time=2025-01-21T18:07:54.869-05:00 level=INFO source=/Users/josephcocozza/Repositories/text-editor/unnamed/editor/editor.go:105 msg="read keypress" byte="\r"
time=2025-01-21T18:07:54.870-05:00 level=INFO source=/Users/josephcocozza/Repositories/text-editor/unnamed/editor/editor.go:169 msg="key read" key="\r"
time=2025-01-21T18:07:57.824-05:00 level=INFO source=/Users/josephcocozza/Repositories/text-editor/unnamed/editor/editor.go:169 msg="key read" key=Ͽ
time=2025-01-21T18:08:00.390-05:00 level=INFO source=/Users/josephcocozza/Repositories/text-editor/unnamed/editor/editor.go:105 msg="read keypress" byte="\x11"
time=2025-01-21T18:08:00.390-05:00 level=INFO source=/Users/josephcocozza/Repositories/text-editor/unnamed/editor/editor.go:169 msg="key read" key="\x11"
