time=2025-01-21T18:43:21.540-05:00 level=INFO source=/Users/josephcocozza/Repositories/text-editor/unnamed/editor/editor.go:47 msg="editor initialized set up"
time=2025-01-21T18:43:22.078-05:00 level=INFO source=/Users/josephcocozza/Repositories/text-editor/unnamed/editor/editor.go:177 msg="key read" key=Ѐ
time=2025-01-21T18:43:22.250-05:00 level=INFO source=/Users/josephcocozza/Repositories/text-editor/unnamed/editor/editor.go:177 msg="key read" key=Ѐ
time=2025-01-21T18:43:22.416-05:00 level=INFO source=/Users/josephcocozza/Repositories/text-editor/unnamed/editor/editor.go:177 msg="key read" key=Ѐ
time=2025-01-21T18:43:22.583-05:00 level=INFO source=/Users/josephcocozza/Repositories/text-editor/unnamed/editor/editor.go:177 msg="key read" key=Ђ
time=2025-01-21T18:43:23.085-05:00 level=INFO source=/Users/josephcocozza/Repositories/text-editor/unnamed/editor/editor.go:177 msg="key read" key=Ђ
time=2025-01-21T18:43:23.163-05:00 level=INFO source=/Users/josephcocozza/Repositories/text-editor/unnamed/editor/editor.go:177 msg="key read" key=Ђ
time=2025-01-21T18:43:23.246-05:00 level=INFO source=/Users/josephcocozza/Repositories/text-editor/unnamed/editor/editor.go:177 msg="key read" key=Ђ
time=2025-01-21T18:43:23.331-05:00 level=INFO source=/Users/josephcocozza/Repositories/text-editor/unnamed/editor/editor.go:177 msg="key read" key=Ђ
time=2025-01-21T18:43:23.414-05:00 level=INFO source=/Users/josephcocozza/Repositories/text-editor/unnamed/editor/editor.go:177 msg="key read" key=Ђ
time=2025-01-21T18:43:23.503-05:00 level=INFO source=/Users/josephcocozza/Repositories/text-editor/unnamed/editor/editor.go:177 msg="key read" key=Ђ
time=2025-01-21T18:43:23.583-05:00 level=INFO source=/Users/josephcocozza/Repositories/text-editor/unnamed/editor/editor.go:177 msg="key read" key=Ђ
time=2025-01-21T18:43:24.745-05:00 level=INFO source=/Users/josephcocozza/Repositories/text-editor/unnamed/editor/editor.go:177 msg="key read" key=Є
time=2025-01-21T18:43:25.208-05:00 level=INFO source=/Users/josephcocozza/Repositories/text-editor/unnamed/editor/editor.go:177 msg="key read" key=Ѓ
time=2025-01-21T18:43:25.871-05:00 level=INFO source=/Users/josephcocozza/Repositories/text-editor/unnamed/editor/editor.go:177 msg="key read" key=Ѓ
time=2025-01-21T18:43:26.121-05:00 level=INFO source=/Users/josephcocozza/Repositories/text-editor/unnamed/editor/editor.go:177 msg="key read" key=Є
time=2025-01-21T18:43:26.890-05:00 level=INFO source=/Users/josephcocozza/Repositories/text-editor/unnamed/editor/editor.go:177 msg="key read" key=Є
time=2025-01-21T18:43:27.202-05:00 level=INFO source=/Users/josephcocozza/Repositories/text-editor/unnamed/editor/editor.go:177 msg="key read" key=Ѓ
time=2025-01-21T18:43:27.489-05:00 level=INFO source=/Users/josephcocozza/Repositories/text-editor/unnamed/editor/editor.go:177 msg="key read" key=Є
time=2025-01-21T18:43:27.710-05:00 level=INFO source=/Users/josephcocozza/Repositories/text-editor/unnamed/editor/editor.go:177 msg="key read" key=Ѓ
time=2025-01-21T18:43:27.921-05:00 level=INFO source=/Users/josephcocozza/Repositories/text-editor/unnamed/editor/editor.go:177 msg="key read" key=Є
time=2025-01-21T18:43:28.084-05:00 level=INFO source=/Users/josephcocozza/Repositories/text-editor/unnamed/editor/editor.go:177 msg="key read" key=Ѓ
time=2025-01-21T18:43:28.268-05:00 level=INFO source=/Users/josephcocozza/Repositories/text-editor/unnamed/editor/editor.go:177 msg="key read" key=Є
time=2025-01-21T18:43:28.686-05:00 level=INFO source=/Users/josephcocozza/Repositories/text-editor/unnamed/editor/editor.go:177 msg="key read" key=Ѓ
time=2025-01-21T18:43:28.957-05:00 level=INFO source=/Users/josephcocozza/Repositories/text-editor/unnamed/editor/editor.go:177 msg="key read" key=Є
time=2025-01-21T18:43:29.123-05:00 level=INFO source=/Users/josephcocozza/Repositories/text-editor/unnamed/editor/editor.go:177 msg="key read" key=Ѓ
time=2025-01-21T18:43:29.317-05:00 level=INFO source=/Users/josephcocozza/Repositories/text-editor/unnamed/editor/editor.go:177 msg="key read" key=Є
time=2025-01-21T18:43:29.481-05:00 level=INFO source=/Users/josephcocozza/Repositories/text-editor/unnamed/editor/editor.go:177 msg="key read" key=Ѓ
time=2025-01-21T18:43:29.691-05:00 level=INFO source=/Users/josephcocozza/Repositories/text-editor/unnamed/editor/editor.go:177 msg="key read" key=Є
time=2025-01-21T18:43:29.906-05:00 level=INFO source=/Users/josephcocozza/Repositories/text-editor/unnamed/editor/editor.go:177 msg="key read" key=Ѓ
time=2025-01-21T18:43:30.187-05:00 level=INFO source=/Users/josephcocozza/Repositories/text-editor/unnamed/editor/editor.go:177 msg="key read" key=Є
time=2025-01-21T18:43:32.274-05:00 level=INFO source=/Users/josephcocozza/Repositories/text-editor/unnamed/editor/editor.go:177 msg="key read" key=Ͼ
time=2025-01-21T18:43:33.069-05:00 level=INFO source=/Users/josephcocozza/Repositories/text-editor/unnamed/editor/editor.go:177 msg="key read" key=Ͻ
time=2025-01-21T18:43:33.444-05:00 level=INFO source=/Users/josephcocozza/Repositories/text-editor/unnamed/editor/editor.go:177 msg="key read" key=Ͼ
time=2025-01-21T18:43:33.742-05:00 level=INFO source=/Users/josephcocozza/Repositories/text-editor/unnamed/editor/editor.go:177 msg="key read" key=Ͻ
time=2025-01-21T18:43:33.950-05:00 level=INFO source=/Users/josephcocozza/Repositories/text-editor/unnamed/editor/editor.go:177 msg="key read" key=Ͼ
time=2025-01-21T18:43:34.207-05:00 level=INFO source=/Users/josephcocozza/Repositories/text-editor/unnamed/editor/editor.go:177 msg="key read" key=Ͻ
time=2025-01-21T18:43:34.387-05:00 level=INFO source=/Users/josephcocozza/Repositories/text-editor/unnamed/editor/editor.go:177 msg="key read" key=Ͼ
time=2025-01-21T18:43:34.547-05:00 level=INFO source=/Users/josephcocozza/Repositories/text-editor/unnamed/editor/editor.go:177 msg="key read" key=Ͻ
time=2025-01-21T18:43:34.752-05:00 level=INFO source=/Users/josephcocozza/Repositories/text-editor/unnamed/editor/editor.go:177 msg="key read" key=Ͼ
time=2025-01-21T18:43:35.167-05:00 level=INFO source=/Users/josephcocozza/Repositories/text-editor/unnamed/editor/editor.go:177 msg="key read" key=Ͻ
time=2025-01-21T18:43:35.647-05:00 level=INFO source=/Users/josephcocozza/Repositories/text-editor/unnamed/editor/editor.go:177 msg="key read" key=Ͼ
time=2025-01-21T18:43:36.502-05:00 level=INFO source=/Users/josephcocozza/Repositories/text-editor/unnamed/editor/editor.go:177 msg="key read" key=Ё
time=2025-01-21T18:43:36.651-05:00 level=INFO source=/Users/josephcocozza/Repositories/text-editor/unnamed/editor/editor.go:177 msg="key read" key=Ё
time=2025-01-21T18:43:36.799-05:00 level=INFO source=/Users/josephcocozza/Repositories/text-editor/unnamed/editor/editor.go:177 msg="key read" key=Ё
time=2025-01-21T18:43:36.950-05:00 level=INFO source=/Users/josephcocozza/Repositories/text-editor/unnamed/editor/editor.go:177 msg="key read" key=Ё
time=2025-01-21T18:43:37.101-05:00 level=INFO source=/Users/josephcocozza/Repositories/text-editor/unnamed/editor/editor.go:177 msg="key read" key=Ё
time=2025-01-21T18:43:37.223-05:00 level=INFO source=/Users/josephcocozza/Repositories/text-editor/unnamed/editor/editor.go:177 msg="key read" key=Ё
time=2025-01-21T18:43:37.402-05:00 level=INFO source=/Users/josephcocozza/Repositories/text-editor/unnamed/editor/editor.go:177 msg="key read" key=Ё
time=2025-01-21T18:43:38.138-05:00 level=INFO source=/Users/josephcocozza/Repositories/text-editor/unnamed/editor/editor.go:177 msg="key read" key=Ͻ
time=2025-01-21T18:43:39.189-05:00 level=INFO source=/Users/josephcocozza/Repositories/text-editor/unnamed/editor/editor.go:177 msg="key read" key=Ђ
time=2025-01-21T18:43:39.340-05:00 level=INFO source=/Users/josephcocozza/Repositories/text-editor/unnamed/editor/editor.go:177 msg="key read" key=Ђ
time=2025-01-21T18:43:39.504-05:00 level=INFO source=/Users/josephcocozza/Repositories/text-editor/unnamed/editor/editor.go:177 msg="key read" key=Ђ
time=2025-01-21T18:43:39.634-05:00 level=INFO source=/Users/josephcocozza/Repositories/text-editor/unnamed/editor/editor.go:177 msg="key read" key=Ђ
time=2025-01-21T18:43:40.763-05:00 level=INFO source=/Users/josephcocozza/Repositories/text-editor/unnamed/editor/editor.go:113 msg="read keypress" byte="\x11"
time=2025-01-21T18:43:40.764-05:00 level=INFO source=/Users/josephcocozza/Repositories/text-editor/unnamed/editor/editor.go:177 msg="key read" key="\x11"
time=2025-01-21T18:43:40.764-05:00 level=INFO source=/Users/josephcocozza/Repositories/text-editor/unnamed/editor/editor.go:85 msg=quit
