time=2025-01-21T18:17:48.018-05:00 level=INFO source=/Users/josephcocozza/Repositories/text-editor/unnamed/editor/editor.go:47 msg=inited
time=2025-01-21T18:17:50.350-05:00 level=INFO source=/Users/josephcocozza/Repositories/text-editor/unnamed/editor/editor.go:170 msg="key read" key=Ͼ
time=2025-01-21T18:17:51.551-05:00 level=INFO source=/Users/josephcocozza/Repositories/text-editor/unnamed/editor/editor.go:170 msg="key read" key=Ͻ
time=2025-01-21T18:17:52.015-05:00 level=INFO source=/Users/josephcocozza/Repositories/text-editor/unnamed/editor/editor.go:170 msg="key read" key=Ͼ
time=2025-01-21T18:17:52.252-05:00 level=INFO source=/Users/josephcocozza/Repositories/text-editor/unnamed/editor/editor.go:170 msg="key read" key=Ͻ
time=2025-01-21T18:17:52.433-05:00 level=INFO source=/Users/josephcocozza/Repositories/text-editor/unnamed/editor/editor.go:170 msg="key read" key=Ͼ
time=2025-01-21T18:17:52.614-05:00 level=INFO source=/Users/josephcocozza/Repositories/text-editor/unnamed/editor/editor.go:170 msg="key read" key=Ͻ
time=2025-01-21T18:17:52.791-05:00 level=INFO source=/Users/josephcocozza/Repositories/text-editor/unnamed/editor/editor.go:170 msg="key read" key=Ͼ
time=2025-01-21T18:17:52.974-05:00 level=INFO source=/Users/josephcocozza/Repositories/text-editor/unnamed/editor/editor.go:170 msg="key read" key=Ͻ
time=2025-01-21T18:17:53.139-05:00 level=INFO source=/Users/josephcocozza/Repositories/text-editor/unnamed/editor/editor.go:170 msg="key read" key=Ͼ
time=2025-01-21T18:17:53.315-05:00 level=INFO source=/Users/josephcocozza/Repositories/text-editor/unnamed/editor/editor.go:170 msg="key read" key=Ͻ
time=2025-01-21T18:17:55.631-05:00 level=INFO source=/Users/josephcocozza/Repositories/text-editor/unnamed/editor/editor.go:170 msg="key read" key=Ѓ
time=2025-01-21T18:17:56.138-05:00 level=INFO source=/Users/josephcocozza/Repositories/text-editor/unnamed/editor/editor.go:170 msg="key read" key=Є
time=2025-01-21T18:17:56.786-05:00 level=INFO source=/Users/josephcocozza/Repositories/text-editor/unnamed/editor/editor.go:170 msg="key read" key=Ѓ
time=2025-01-21T18:17:57.146-05:00 level=INFO source=/Users/josephcocozza/Repositories/text-editor/unnamed/editor/editor.go:170 msg="key read" key=Є
time=2025-01-21T18:17:57.323-05:00 level=INFO source=/Users/josephcocozza/Repositories/text-editor/unnamed/editor/editor.go:170 msg="key read" key=Ѓ
time=2025-01-21T18:17:57.548-05:00 level=INFO source=/Users/josephcocozza/Repositories/text-editor/unnamed/editor/editor.go:170 msg="key read" key=Є
time=2025-01-21T18:17:57.743-05:00 level=INFO source=/Users/josephcocozza/Repositories/text-editor/unnamed/editor/editor.go:170 msg="key read" key=Ѓ
time=2025-01-21T18:17:58.223-05:00 level=INFO source=/Users/josephcocozza/Repositories/text-editor/unnamed/editor/editor.go:170 msg="key read" key=Є
time=2025-01-21T18:17:58.704-05:00 level=INFO source=/Users/josephcocozza/Repositories/text-editor/unnamed/editor/editor.go:170 msg="key read" key=Ѓ
time=2025-01-21T18:17:59.065-05:00 level=INFO source=/Users/josephcocozza/Repositories/text-editor/unnamed/editor/editor.go:170 msg="key read" key=Є
time=2025-01-21T18:17:59.198-05:00 level=INFO source=/Users/josephcocozza/Repositories/text-editor/unnamed/editor/editor.go:170 msg="key read" key=Ѓ
time=2025-01-21T18:17:59.362-05:00 level=INFO source=/Users/josephcocozza/Repositories/text-editor/unnamed/editor/editor.go:170 msg="key read" key=Є
time=2025-01-21T18:17:59.529-05:00 level=INFO source=/Users/josephcocozza/Repositories/text-editor/unnamed/editor/editor.go:170 msg="key read" key=Ѓ
time=2025-01-21T18:17:59.720-05:00 level=INFO source=/Users/josephcocozza/Repositories/text-editor/unnamed/editor/editor.go:170 msg="key read" key=Є
time=2025-01-21T18:17:59.889-05:00 level=INFO source=/Users/josephcocozza/Repositories/text-editor/unnamed/editor/editor.go:170 msg="key read" key=Ѓ
time=2025-01-21T18:18:00.145-05:00 level=INFO source=/Users/josephcocozza/Repositories/text-editor/unnamed/editor/editor.go:170 msg="key read" key=Ͼ
time=2025-01-21T18:18:00.308-05:00 level=INFO source=/Users/josephcocozza/Repositories/text-editor/unnamed/editor/editor.go:170 msg="key read" key=Ѓ
time=2025-01-21T18:18:00.516-05:00 level=INFO source=/Users/josephcocozza/Repositories/text-editor/unnamed/editor/editor.go:170 msg="key read" key=Ͻ
time=2025-01-21T18:18:00.878-05:00 level=INFO source=/Users/josephcocozza/Repositories/text-editor/unnamed/editor/editor.go:170 msg="key read" key=Ͻ
time=2025-01-21T18:18:01.177-05:00 level=INFO source=/Users/josephcocozza/Repositories/text-editor/unnamed/editor/editor.go:170 msg="key read" key=Ͼ
time=2025-01-21T18:18:01.373-05:00 level=INFO source=/Users/josephcocozza/Repositories/text-editor/unnamed/editor/editor.go:170 msg="key read" key=Ͻ
time=2025-01-21T18:18:03.174-05:00 level=INFO source=/Users/josephcocozza/Repositories/text-editor/unnamed/editor/editor.go:106 msg="read keypress" byte="\x11"
time=2025-01-21T18:18:03.175-05:00 level=INFO source=/Users/josephcocozza/Repositories/text-editor/unnamed/editor/editor.go:170 msg="key read" key="\x11"
