time=2025-01-21T18:14:01.662-05:00 level=INFO source=/Users/josephcocozza/Repositories/text-editor/unnamed/editor/editor.go:47 msg=inited
time=2025-01-21T18:14:02.281-05:00 level=INFO source=/Users/josephcocozza/Repositories/text-editor/unnamed/editor/editor.go:169 msg="key read" key=Ѐ
time=2025-01-21T18:14:02.456-05:00 level=INFO source=/Users/josephcocozza/Repositories/text-editor/unnamed/editor/editor.go:169 msg="key read" key=Ѐ
time=2025-01-21T18:14:02.637-05:00 level=INFO source=/Users/josephcocozza/Repositories/text-editor/unnamed/editor/editor.go:169 msg="key read" key=Ѐ
time=2025-01-21T18:14:02.937-05:00 level=INFO source=/Users/josephcocozza/Repositories/text-editor/unnamed/editor/editor.go:169 msg="key read" key=Ђ
time=2025-01-21T18:14:03.100-05:00 level=INFO source=/Users/josephcocozza/Repositories/text-editor/unnamed/editor/editor.go:169 msg="key read" key=Ђ
time=2025-01-21T18:14:03.264-05:00 level=INFO source=/Users/josephcocozza/Repositories/text-editor/unnamed/editor/editor.go:169 msg="key read" key=Ђ
time=2025-01-21T18:14:03.417-05:00 level=INFO source=/Users/josephcocozza/Repositories/text-editor/unnamed/editor/editor.go:169 msg="key read" key=Ђ
time=2025-01-21T18:14:03.566-05:00 level=INFO source=/Users/josephcocozza/Repositories/text-editor/unnamed/editor/editor.go:169 msg="key read" key=Ђ
time=2025-01-21T18:14:03.733-05:00 level=INFO source=/Users/josephcocozza/Repositories/text-editor/unnamed/editor/editor.go:169 msg="key read" key=Ђ
time=2025-01-21T18:14:03.878-05:00 level=INFO source=/Users/josephcocozza/Repositories/text-editor/unnamed/editor/editor.go:169 msg="key read" key=Ђ
time=2025-01-21T18:14:04.030-05:00 level=INFO source=/Users/josephcocozza/Repositories/text-editor/unnamed/editor/editor.go:169 msg="key read" key=Ђ
time=2025-01-21T18:14:04.193-05:00 level=INFO source=/Users/josephcocozza/Repositories/text-editor/unnamed/editor/editor.go:169 msg="key read" key=Ђ
time=2025-01-21T18:14:04.359-05:00 level=INFO source=/Users/josephcocozza/Repositories/text-editor/unnamed/editor/editor.go:169 msg="key read" key=Ђ
time=2025-01-21T18:14:04.515-05:00 level=INFO source=/Users/josephcocozza/Repositories/text-editor/unnamed/editor/editor.go:169 msg="key read" key=Ђ
time=2025-01-21T18:14:04.658-05:00 level=INFO source=/Users/josephcocozza/Repositories/text-editor/unnamed/editor/editor.go:169 msg="key read" key=Ђ
time=2025-01-21T18:14:04.824-05:00 level=INFO source=/Users/josephcocozza/Repositories/text-editor/unnamed/editor/editor.go:169 msg="key read" key=Ђ
time=2025-01-21T18:14:05.198-05:00 level=INFO source=/Users/josephcocozza/Repositories/text-editor/unnamed/editor/editor.go:169 msg="key read" key=Ѐ
time=2025-01-21T18:14:06.207-05:00 level=INFO source=/Users/josephcocozza/Repositories/text-editor/unnamed/editor/editor.go:169 msg="key read" key=Ѐ
time=2025-01-21T18:14:06.369-05:00 level=INFO source=/Users/josephcocozza/Repositories/text-editor/unnamed/editor/editor.go:169 msg="key read" key=Ѐ
time=2025-01-21T18:14:06.532-05:00 level=INFO source=/Users/josephcocozza/Repositories/text-editor/unnamed/editor/editor.go:169 msg="key read" key=Ѐ
time=2025-01-21T18:14:06.698-05:00 level=INFO source=/Users/josephcocozza/Repositories/text-editor/unnamed/editor/editor.go:169 msg="key read" key=Ѐ
time=2025-01-21T18:14:06.878-05:00 level=INFO source=/Users/josephcocozza/Repositories/text-editor/unnamed/editor/editor.go:169 msg="key read" key=Ѐ
time=2025-01-21T18:14:07.045-05:00 level=INFO source=/Users/josephcocozza/Repositories/text-editor/unnamed/editor/editor.go:169 msg="key read" key=Ѐ
time=2025-01-21T18:14:07.208-05:00 level=INFO source=/Users/josephcocozza/Repositories/text-editor/unnamed/editor/editor.go:169 msg="key read" key=Ѐ
time=2025-01-21T18:14:07.375-05:00 level=INFO source=/Users/josephcocozza/Repositories/text-editor/unnamed/editor/editor.go:169 msg="key read" key=Ѐ
time=2025-01-21T18:14:07.542-05:00 level=INFO source=/Users/josephcocozza/Repositories/text-editor/unnamed/editor/editor.go:169 msg="key read" key=Ѐ
time=2025-01-21T18:14:07.691-05:00 level=INFO source=/Users/josephcocozza/Repositories/text-editor/unnamed/editor/editor.go:169 msg="key read" key=Ѐ
time=2025-01-21T18:14:07.858-05:00 level=INFO source=/Users/josephcocozza/Repositories/text-editor/unnamed/editor/editor.go:169 msg="key read" key=Ѐ
time=2025-01-21T18:14:08.007-05:00 level=INFO source=/Users/josephcocozza/Repositories/text-editor/unnamed/editor/editor.go:169 msg="key read" key=Ѐ
time=2025-01-21T18:14:08.122-05:00 level=INFO source=/Users/josephcocozza/Repositories/text-editor/unnamed/editor/editor.go:169 msg="key read" key=Ђ
time=2025-01-21T18:14:08.304-05:00 level=INFO source=/Users/josephcocozza/Repositories/text-editor/unnamed/editor/editor.go:169 msg="key read" key=Ђ
time=2025-01-21T18:14:08.467-05:00 level=INFO source=/Users/josephcocozza/Repositories/text-editor/unnamed/editor/editor.go:169 msg="key read" key=Ђ
time=2025-01-21T18:14:08.620-05:00 level=INFO source=/Users/josephcocozza/Repositories/text-editor/unnamed/editor/editor.go:169 msg="key read" key=Ђ
time=2025-01-21T18:14:09.122-05:00 level=INFO source=/Users/josephcocozza/Repositories/text-editor/unnamed/editor/editor.go:169 msg="key read" key=Ђ
time=2025-01-21T18:14:09.202-05:00 level=INFO source=/Users/josephcocozza/Repositories/text-editor/unnamed/editor/editor.go:169 msg="key read" key=Ђ
time=2025-01-21T18:14:09.284-05:00 level=INFO source=/Users/josephcocozza/Repositories/text-editor/unnamed/editor/editor.go:169 msg="key read" key=Ђ
time=2025-01-21T18:14:09.370-05:00 level=INFO source=/Users/josephcocozza/Repositories/text-editor/unnamed/editor/editor.go:169 msg="key read" key=Ђ
time=2025-01-21T18:14:09.455-05:00 level=INFO source=/Users/josephcocozza/Repositories/text-editor/unnamed/editor/editor.go:169 msg="key read" key=Ђ
time=2025-01-21T18:14:09.539-05:00 level=INFO source=/Users/josephcocozza/Repositories/text-editor/unnamed/editor/editor.go:169 msg="key read" key=Ђ
time=2025-01-21T18:14:09.622-05:00 level=INFO source=/Users/josephcocozza/Repositories/text-editor/unnamed/editor/editor.go:169 msg="key read" key=Ђ
time=2025-01-21T18:14:09.705-05:00 level=INFO source=/Users/josephcocozza/Repositories/text-editor/unnamed/editor/editor.go:169 msg="key read" key=Ђ
time=2025-01-21T18:14:09.790-05:00 level=INFO source=/Users/josephcocozza/Repositories/text-editor/unnamed/editor/editor.go:169 msg="key read" key=Ђ
time=2025-01-21T18:14:09.874-05:00 level=INFO source=/Users/josephcocozza/Repositories/text-editor/unnamed/editor/editor.go:169 msg="key read" key=Ђ
time=2025-01-21T18:14:09.957-05:00 level=INFO source=/Users/josephcocozza/Repositories/text-editor/unnamed/editor/editor.go:169 msg="key read" key=Ђ
time=2025-01-21T18:14:10.041-05:00 level=INFO source=/Users/josephcocozza/Repositories/text-editor/unnamed/editor/editor.go:169 msg="key read" key=Ђ
time=2025-01-21T18:14:10.128-05:00 level=INFO source=/Users/josephcocozza/Repositories/text-editor/unnamed/editor/editor.go:169 msg="key read" key=Ђ
time=2025-01-21T18:14:10.213-05:00 level=INFO source=/Users/josephcocozza/Repositories/text-editor/unnamed/editor/editor.go:169 msg="key read" key=Ђ
time=2025-01-21T18:14:10.297-05:00 level=INFO source=/Users/josephcocozza/Repositories/text-editor/unnamed/editor/editor.go:169 msg="key read" key=Ђ
time=2025-01-21T18:14:10.380-05:00 level=INFO source=/Users/josephcocozza/Repositories/text-editor/unnamed/editor/editor.go:169 msg="key read" key=Ђ
time=2025-01-21T18:14:10.462-05:00 level=INFO source=/Users/josephcocozza/Repositories/text-editor/unnamed/editor/editor.go:169 msg="key read" key=Ђ
time=2025-01-21T18:14:10.548-05:00 level=INFO source=/Users/josephcocozza/Repositories/text-editor/unnamed/editor/editor.go:169 msg="key read" key=Ђ
time=2025-01-21T18:14:10.631-05:00 level=INFO source=/Users/josephcocozza/Repositories/text-editor/unnamed/editor/editor.go:169 msg="key read" key=Ђ
time=2025-01-21T18:14:10.715-05:00 level=INFO source=/Users/josephcocozza/Repositories/text-editor/unnamed/editor/editor.go:169 msg="key read" key=Ђ
time=2025-01-21T18:14:10.764-05:00 level=INFO source=/Users/josephcocozza/Repositories/text-editor/unnamed/editor/editor.go:169 msg="key read" key=Ѐ
time=2025-01-21T18:14:11.269-05:00 level=INFO source=/Users/josephcocozza/Repositories/text-editor/unnamed/editor/editor.go:169 msg="key read" key=Ѐ
time=2025-01-21T18:14:11.348-05:00 level=INFO source=/Users/josephcocozza/Repositories/text-editor/unnamed/editor/editor.go:169 msg="key read" key=Ѐ
time=2025-01-21T18:14:11.430-05:00 level=INFO source=/Users/josephcocozza/Repositories/text-editor/unnamed/editor/editor.go:169 msg="key read" key=Ѐ
time=2025-01-21T18:14:11.515-05:00 level=INFO source=/Users/josephcocozza/Repositories/text-editor/unnamed/editor/editor.go:169 msg="key read" key=Ѐ
time=2025-01-21T18:14:11.603-05:00 level=INFO source=/Users/josephcocozza/Repositories/text-editor/unnamed/editor/editor.go:169 msg="key read" key=Ѐ
time=2025-01-21T18:14:11.684-05:00 level=INFO source=/Users/josephcocozza/Repositories/text-editor/unnamed/editor/editor.go:169 msg="key read" key=Ѐ
time=2025-01-21T18:14:11.767-05:00 level=INFO source=/Users/josephcocozza/Repositories/text-editor/unnamed/editor/editor.go:169 msg="key read" key=Ѐ
time=2025-01-21T18:14:11.861-05:00 level=INFO source=/Users/josephcocozza/Repositories/text-editor/unnamed/editor/editor.go:169 msg="key read" key=Ѐ
time=2025-01-21T18:14:11.935-05:00 level=INFO source=/Users/josephcocozza/Repositories/text-editor/unnamed/editor/editor.go:169 msg="key read" key=Ѐ
time=2025-01-21T18:14:12.160-05:00 level=INFO source=/Users/josephcocozza/Repositories/text-editor/unnamed/editor/editor.go:169 msg="key read" key=Ͽ
time=2025-01-21T18:14:12.505-05:00 level=INFO source=/Users/josephcocozza/Repositories/text-editor/unnamed/editor/editor.go:169 msg="key read" key=Ͽ
time=2025-01-21T18:14:12.744-05:00 level=INFO source=/Users/josephcocozza/Repositories/text-editor/unnamed/editor/editor.go:169 msg="key read" key=Ͽ
time=2025-01-21T18:14:13.150-05:00 level=INFO source=/Users/josephcocozza/Repositories/text-editor/unnamed/editor/editor.go:169 msg="key read" key=Ѐ
time=2025-01-21T18:14:13.317-05:00 level=INFO source=/Users/josephcocozza/Repositories/text-editor/unnamed/editor/editor.go:169 msg="key read" key=Ё
time=2025-01-21T18:14:13.494-05:00 level=INFO source=/Users/josephcocozza/Repositories/text-editor/unnamed/editor/editor.go:169 msg="key read" key=Ё
time=2025-01-21T18:14:13.644-05:00 level=INFO source=/Users/josephcocozza/Repositories/text-editor/unnamed/editor/editor.go:169 msg="key read" key=Ѐ
time=2025-01-21T18:14:13.853-05:00 level=INFO source=/Users/josephcocozza/Repositories/text-editor/unnamed/editor/editor.go:169 msg="key read" key=Ѐ
time=2025-01-21T18:14:14.001-05:00 level=INFO source=/Users/josephcocozza/Repositories/text-editor/unnamed/editor/editor.go:169 msg="key read" key=Ђ
time=2025-01-21T18:14:14.322-05:00 level=INFO source=/Users/josephcocozza/Repositories/text-editor/unnamed/editor/editor.go:169 msg="key read" key=Ͽ
time=2025-01-21T18:14:14.514-05:00 level=INFO source=/Users/josephcocozza/Repositories/text-editor/unnamed/editor/editor.go:169 msg="key read" key=Ђ
time=2025-01-21T18:14:15.017-05:00 level=INFO source=/Users/josephcocozza/Repositories/text-editor/unnamed/editor/editor.go:169 msg="key read" key=Ђ
time=2025-01-21T18:14:15.098-05:00 level=INFO source=/Users/josephcocozza/Repositories/text-editor/unnamed/editor/editor.go:169 msg="key read" key=Ђ
time=2025-01-21T18:14:15.181-05:00 level=INFO source=/Users/josephcocozza/Repositories/text-editor/unnamed/editor/editor.go:169 msg="key read" key=Ђ
time=2025-01-21T18:14:15.266-05:00 level=INFO source=/Users/josephcocozza/Repositories/text-editor/unnamed/editor/editor.go:169 msg="key read" key=Ђ
time=2025-01-21T18:14:15.349-05:00 level=INFO source=/Users/josephcocozza/Repositories/text-editor/unnamed/editor/editor.go:169 msg="key read" key=Ђ
time=2025-01-21T18:14:15.432-05:00 level=INFO source=/Users/josephcocozza/Repositories/text-editor/unnamed/editor/editor.go:169 msg="key read" key=Ђ
time=2025-01-21T18:14:15.516-05:00 level=INFO source=/Users/josephcocozza/Repositories/text-editor/unnamed/editor/editor.go:169 msg="key read" key=Ђ
time=2025-01-21T18:14:15.601-05:00 level=INFO source=/Users/josephcocozza/Repositories/text-editor/unnamed/editor/editor.go:169 msg="key read" key=Ђ
time=2025-01-21T18:14:15.686-05:00 level=INFO source=/Users/josephcocozza/Repositories/text-editor/unnamed/editor/editor.go:169 msg="key read" key=Ђ
time=2025-01-21T18:14:15.769-05:00 level=INFO source=/Users/josephcocozza/Repositories/text-editor/unnamed/editor/editor.go:169 msg="key read" key=Ђ
time=2025-01-21T18:14:15.853-05:00 level=INFO source=/Users/josephcocozza/Repositories/text-editor/unnamed/editor/editor.go:169 msg="key read" key=Ђ
time=2025-01-21T18:14:15.936-05:00 level=INFO source=/Users/josephcocozza/Repositories/text-editor/unnamed/editor/editor.go:169 msg="key read" key=Ђ
time=2025-01-21T18:14:15.955-05:00 level=INFO source=/Users/josephcocozza/Repositories/text-editor/unnamed/editor/editor.go:169 msg="key read" key=Ͽ
time=2025-01-21T18:14:16.194-05:00 level=INFO source=/Users/josephcocozza/Repositories/text-editor/unnamed/editor/editor.go:169 msg="key read" key=Ђ
time=2025-01-21T18:14:16.696-05:00 level=INFO source=/Users/josephcocozza/Repositories/text-editor/unnamed/editor/editor.go:169 msg="key read" key=Ђ
time=2025-01-21T18:14:16.776-05:00 level=INFO source=/Users/josephcocozza/Repositories/text-editor/unnamed/editor/editor.go:169 msg="key read" key=Ђ
time=2025-01-21T18:14:16.858-05:00 level=INFO source=/Users/josephcocozza/Repositories/text-editor/unnamed/editor/editor.go:169 msg="key read" key=Ђ
time=2025-01-21T18:14:16.943-05:00 level=INFO source=/Users/josephcocozza/Repositories/text-editor/unnamed/editor/editor.go:169 msg="key read" key=Ђ
time=2025-01-21T18:14:17.028-05:00 level=INFO source=/Users/josephcocozza/Repositories/text-editor/unnamed/editor/editor.go:169 msg="key read" key=Ђ
time=2025-01-21T18:14:17.114-05:00 level=INFO source=/Users/josephcocozza/Repositories/text-editor/unnamed/editor/editor.go:169 msg="key read" key=Ђ
time=2025-01-21T18:14:17.196-05:00 level=INFO source=/Users/josephcocozza/Repositories/text-editor/unnamed/editor/editor.go:169 msg="key read" key=Ђ
time=2025-01-21T18:14:17.280-05:00 level=INFO source=/Users/josephcocozza/Repositories/text-editor/unnamed/editor/editor.go:169 msg="key read" key=Ђ
time=2025-01-21T18:14:17.363-05:00 level=INFO source=/Users/josephcocozza/Repositories/text-editor/unnamed/editor/editor.go:169 msg="key read" key=Ђ
time=2025-01-21T18:14:17.447-05:00 level=INFO source=/Users/josephcocozza/Repositories/text-editor/unnamed/editor/editor.go:169 msg="key read" key=Ђ
time=2025-01-21T18:14:17.531-05:00 level=INFO source=/Users/josephcocozza/Repositories/text-editor/unnamed/editor/editor.go:169 msg="key read" key=Ђ
time=2025-01-21T18:14:17.615-05:00 level=INFO source=/Users/josephcocozza/Repositories/text-editor/unnamed/editor/editor.go:169 msg="key read" key=Ђ
time=2025-01-21T18:14:17.699-05:00 level=INFO source=/Users/josephcocozza/Repositories/text-editor/unnamed/editor/editor.go:169 msg="key read" key=Ђ
time=2025-01-21T18:14:17.783-05:00 level=INFO source=/Users/josephcocozza/Repositories/text-editor/unnamed/editor/editor.go:169 msg="key read" key=Ђ
time=2025-01-21T18:14:17.867-05:00 level=INFO source=/Users/josephcocozza/Repositories/text-editor/unnamed/editor/editor.go:169 msg="key read" key=Ђ
time=2025-01-21T18:14:17.950-05:00 level=INFO source=/Users/josephcocozza/Repositories/text-editor/unnamed/editor/editor.go:169 msg="key read" key=Ђ
time=2025-01-21T18:14:18.036-05:00 level=INFO source=/Users/josephcocozza/Repositories/text-editor/unnamed/editor/editor.go:169 msg="key read" key=Ђ
time=2025-01-21T18:14:18.119-05:00 level=INFO source=/Users/josephcocozza/Repositories/text-editor/unnamed/editor/editor.go:169 msg="key read" key=Ђ
time=2025-01-21T18:14:18.203-05:00 level=INFO source=/Users/josephcocozza/Repositories/text-editor/unnamed/editor/editor.go:169 msg="key read" key=Ђ
time=2025-01-21T18:14:18.287-05:00 level=INFO source=/Users/josephcocozza/Repositories/text-editor/unnamed/editor/editor.go:169 msg="key read" key=Ђ
time=2025-01-21T18:14:18.371-05:00 level=INFO source=/Users/josephcocozza/Repositories/text-editor/unnamed/editor/editor.go:169 msg="key read" key=Ђ
time=2025-01-21T18:14:18.454-05:00 level=INFO source=/Users/josephcocozza/Repositories/text-editor/unnamed/editor/editor.go:169 msg="key read" key=Ђ
time=2025-01-21T18:14:18.538-05:00 level=INFO source=/Users/josephcocozza/Repositories/text-editor/unnamed/editor/editor.go:169 msg="key read" key=Ђ
time=2025-01-21T18:14:18.623-05:00 level=INFO source=/Users/josephcocozza/Repositories/text-editor/unnamed/editor/editor.go:169 msg="key read" key=Ђ
time=2025-01-21T18:14:18.706-05:00 level=INFO source=/Users/josephcocozza/Repositories/text-editor/unnamed/editor/editor.go:169 msg="key read" key=Ђ
time=2025-01-21T18:14:18.791-05:00 level=INFO source=/Users/josephcocozza/Repositories/text-editor/unnamed/editor/editor.go:169 msg="key read" key=Ђ
time=2025-01-21T18:14:18.863-05:00 level=INFO source=/Users/josephcocozza/Repositories/text-editor/unnamed/editor/editor.go:169 msg="key read" key=Ͽ
time=2025-01-21T18:14:19.331-05:00 level=INFO source=/Users/josephcocozza/Repositories/text-editor/unnamed/editor/editor.go:169 msg="key read" key=Ͽ
time=2025-01-21T18:14:19.493-05:00 level=INFO source=/Users/josephcocozza/Repositories/text-editor/unnamed/editor/editor.go:169 msg="key read" key=Ͽ
time=2025-01-21T18:14:19.660-05:00 level=INFO source=/Users/josephcocozza/Repositories/text-editor/unnamed/editor/editor.go:169 msg="key read" key=Ͽ
time=2025-01-21T18:14:19.796-05:00 level=INFO source=/Users/josephcocozza/Repositories/text-editor/unnamed/editor/editor.go:169 msg="key read" key=Ͽ
time=2025-01-21T18:14:19.942-05:00 level=INFO source=/Users/josephcocozza/Repositories/text-editor/unnamed/editor/editor.go:169 msg="key read" key=Ђ
time=2025-01-21T18:14:20.157-05:00 level=INFO source=/Users/josephcocozza/Repositories/text-editor/unnamed/editor/editor.go:169 msg="key read" key=Ѐ
time=2025-01-21T18:14:20.394-05:00 level=INFO source=/Users/josephcocozza/Repositories/text-editor/unnamed/editor/editor.go:169 msg="key read" key=Ђ
time=2025-01-21T18:14:20.497-05:00 level=INFO source=/Users/josephcocozza/Repositories/text-editor/unnamed/editor/editor.go:169 msg="key read" key=Ͽ
time=2025-01-21T18:14:20.739-05:00 level=INFO source=/Users/josephcocozza/Repositories/text-editor/unnamed/editor/editor.go:169 msg="key read" key=Ђ
time=2025-01-21T18:14:20.813-05:00 level=INFO source=/Users/josephcocozza/Repositories/text-editor/unnamed/editor/editor.go:169 msg="key read" key=Ͽ
time=2025-01-21T18:14:23.037-05:00 level=INFO source=/Users/josephcocozza/Repositories/text-editor/unnamed/editor/editor.go:169 msg="key read" key=Є
time=2025-01-21T18:14:23.501-05:00 level=INFO source=/Users/josephcocozza/Repositories/text-editor/unnamed/editor/editor.go:169 msg="key read" key=Є
time=2025-01-21T18:14:23.665-05:00 level=INFO source=/Users/josephcocozza/Repositories/text-editor/unnamed/editor/editor.go:169 msg="key read" key=Є
time=2025-01-21T18:14:23.813-05:00 level=INFO source=/Users/josephcocozza/Repositories/text-editor/unnamed/editor/editor.go:169 msg="key read" key=Є
time=2025-01-21T18:14:24.009-05:00 level=INFO source=/Users/josephcocozza/Repositories/text-editor/unnamed/editor/editor.go:169 msg="key read" key=Є
time=2025-01-21T18:14:25.573-05:00 level=INFO source=/Users/josephcocozza/Repositories/text-editor/unnamed/editor/editor.go:169 msg="key read" key=Ѓ
time=2025-01-21T18:14:25.976-05:00 level=INFO source=/Users/josephcocozza/Repositories/text-editor/unnamed/editor/editor.go:169 msg="key read" key=Ѓ
time=2025-01-21T18:14:26.109-05:00 level=INFO source=/Users/josephcocozza/Repositories/text-editor/unnamed/editor/editor.go:169 msg="key read" key=Ѓ
time=2025-01-21T18:14:26.259-05:00 level=INFO source=/Users/josephcocozza/Repositories/text-editor/unnamed/editor/editor.go:169 msg="key read" key=Ѓ
time=2025-01-21T18:14:27.912-05:00 level=INFO source=/Users/josephcocozza/Repositories/text-editor/unnamed/editor/editor.go:169 msg="key read" key=Є
time=2025-01-21T18:14:27.980-05:00 level=INFO source=/Users/josephcocozza/Repositories/text-editor/unnamed/editor/editor.go:169 msg="key read" key=Ѓ
time=2025-01-21T18:14:28.149-05:00 level=INFO source=/Users/josephcocozza/Repositories/text-editor/unnamed/editor/editor.go:169 msg="key read" key=Є
time=2025-01-21T18:14:28.300-05:00 level=INFO source=/Users/josephcocozza/Repositories/text-editor/unnamed/editor/editor.go:169 msg="key read" key=Ѓ
time=2025-01-21T18:14:28.355-05:00 level=INFO source=/Users/josephcocozza/Repositories/text-editor/unnamed/editor/editor.go:169 msg="key read" key=Є
time=2025-01-21T18:14:29.698-05:00 level=INFO source=/Users/josephcocozza/Repositories/text-editor/unnamed/editor/editor.go:169 msg="key read" key=Ͻ
time=2025-01-21T18:14:30.236-05:00 level=INFO source=/Users/josephcocozza/Repositories/text-editor/unnamed/editor/editor.go:169 msg="key read" key=Ͻ
time=2025-01-21T18:14:30.398-05:00 level=INFO source=/Users/josephcocozza/Repositories/text-editor/unnamed/editor/editor.go:169 msg="key read" key=Ͻ
time=2025-01-21T18:14:30.596-05:00 level=INFO source=/Users/josephcocozza/Repositories/text-editor/unnamed/editor/editor.go:169 msg="key read" key=Ͻ
time=2025-01-21T18:14:30.955-05:00 level=INFO source=/Users/josephcocozza/Repositories/text-editor/unnamed/editor/editor.go:169 msg="key read" key=Ͼ
time=2025-01-21T18:14:31.147-05:00 level=INFO source=/Users/josephcocozza/Repositories/text-editor/unnamed/editor/editor.go:169 msg="key read" key=Ͼ
time=2025-01-21T18:14:31.329-05:00 level=INFO source=/Users/josephcocozza/Repositories/text-editor/unnamed/editor/editor.go:169 msg="key read" key=Ͼ
time=2025-01-21T18:14:31.494-05:00 level=INFO source=/Users/josephcocozza/Repositories/text-editor/unnamed/editor/editor.go:169 msg="key read" key=Ͼ
time=2025-01-21T18:14:31.718-05:00 level=INFO source=/Users/josephcocozza/Repositories/text-editor/unnamed/editor/editor.go:169 msg="key read" key=Ͻ
time=2025-01-21T18:14:31.868-05:00 level=INFO source=/Users/josephcocozza/Repositories/text-editor/unnamed/editor/editor.go:169 msg="key read" key=Ͻ
time=2025-01-21T18:14:32.065-05:00 level=INFO source=/Users/josephcocozza/Repositories/text-editor/unnamed/editor/editor.go:169 msg="key read" key=Ͼ
time=2025-01-21T18:14:32.260-05:00 level=INFO source=/Users/josephcocozza/Repositories/text-editor/unnamed/editor/editor.go:169 msg="key read" key=Ͻ
time=2025-01-21T18:14:32.438-05:00 level=INFO source=/Users/josephcocozza/Repositories/text-editor/unnamed/editor/editor.go:169 msg="key read" key=Ͼ
time=2025-01-21T18:14:32.603-05:00 level=INFO source=/Users/josephcocozza/Repositories/text-editor/unnamed/editor/editor.go:169 msg="key read" key=Ͻ
time=2025-01-21T18:14:32.785-05:00 level=INFO source=/Users/josephcocozza/Repositories/text-editor/unnamed/editor/editor.go:169 msg="key read" key=Ͼ
time=2025-01-21T18:14:32.964-05:00 level=INFO source=/Users/josephcocozza/Repositories/text-editor/unnamed/editor/editor.go:169 msg="key read" key=Ͻ
time=2025-01-21T18:14:33.128-05:00 level=INFO source=/Users/josephcocozza/Repositories/text-editor/unnamed/editor/editor.go:169 msg="key read" key=Ͼ
time=2025-01-21T18:14:33.309-05:00 level=INFO source=/Users/josephcocozza/Repositories/text-editor/unnamed/editor/editor.go:169 msg="key read" key=Ͻ
time=2025-01-21T18:14:33.473-05:00 level=INFO source=/Users/josephcocozza/Repositories/text-editor/unnamed/editor/editor.go:169 msg="key read" key=Ͼ
time=2025-01-21T18:14:33.671-05:00 level=INFO source=/Users/josephcocozza/Repositories/text-editor/unnamed/editor/editor.go:169 msg="key read" key=Ͻ
time=2025-01-21T18:14:33.817-05:00 level=INFO source=/Users/josephcocozza/Repositories/text-editor/unnamed/editor/editor.go:169 msg="key read" key=Ͼ
time=2025-01-21T18:14:33.984-05:00 level=INFO source=/Users/josephcocozza/Repositories/text-editor/unnamed/editor/editor.go:169 msg="key read" key=Ͻ
time=2025-01-21T18:14:34.163-05:00 level=INFO source=/Users/josephcocozza/Repositories/text-editor/unnamed/editor/editor.go:169 msg="key read" key=Ͼ
time=2025-01-21T18:14:34.374-05:00 level=INFO source=/Users/josephcocozza/Repositories/text-editor/unnamed/editor/editor.go:169 msg="key read" key=Ͻ
time=2025-01-21T18:14:34.580-05:00 level=INFO source=/Users/josephcocozza/Repositories/text-editor/unnamed/editor/editor.go:169 msg="key read" key=Ͻ
time=2025-01-21T18:14:34.580-05:00 level=INFO source=/Users/josephcocozza/Repositories/text-editor/unnamed/editor/editor.go:169 msg="key read" key=Ͼ
time=2025-01-21T18:14:35.532-05:00 level=INFO source=/Users/josephcocozza/Repositories/text-editor/unnamed/editor/editor.go:169 msg="key read" key=Ͻ
time=2025-01-21T18:14:37.015-05:00 level=INFO source=/Users/josephcocozza/Repositories/text-editor/unnamed/editor/editor.go:105 msg="read keypress" byte="\x11"
time=2025-01-21T18:14:37.015-05:00 level=INFO source=/Users/josephcocozza/Repositories/text-editor/unnamed/editor/editor.go:169 msg="key read" key="\x11"
